mode: set
github.com/kubestellar/kubestellar/api/control/v1alpha1/conditions.go:60.61,61.104 1 1
github.com/kubestellar/kubestellar/api/control/v1alpha1/conditions.go:61.104,63.3 1 1
github.com/kubestellar/kubestellar/api/control/v1alpha1/conditions.go:64.2,64.13 1 1
github.com/kubestellar/kubestellar/api/control/v1alpha1/conditions.go:72.126,73.39 1 1
github.com/kubestellar/kubestellar/api/control/v1alpha1/conditions.go:73.39,74.42 1 1
github.com/kubestellar/kubestellar/api/control/v1alpha1/conditions.go:74.42,75.51 1 1
github.com/kubestellar/kubestellar/api/control/v1alpha1/conditions.go:75.51,77.5 1 0
github.com/kubestellar/kubestellar/api/control/v1alpha1/conditions.go:78.4,80.27 3 1
github.com/kubestellar/kubestellar/api/control/v1alpha1/conditions.go:83.2,85.25 3 0
github.com/kubestellar/kubestellar/api/control/v1alpha1/conditions.go:89.67,90.24 1 1
github.com/kubestellar/kubestellar/api/control/v1alpha1/conditions.go:90.24,92.3 1 1
github.com/kubestellar/kubestellar/api/control/v1alpha1/conditions.go:95.2,98.31 3 1
github.com/kubestellar/kubestellar/api/control/v1alpha1/conditions.go:98.31,106.3 2 1
github.com/kubestellar/kubestellar/api/control/v1alpha1/conditions.go:108.2,108.31 1 1
github.com/kubestellar/kubestellar/api/control/v1alpha1/conditions.go:108.31,116.3 2 1
github.com/kubestellar/kubestellar/api/control/v1alpha1/conditions.go:119.2,119.32 1 1
github.com/kubestellar/kubestellar/api/control/v1alpha1/conditions.go:119.32,121.48 2 1
github.com/kubestellar/kubestellar/api/control/v1alpha1/conditions.go:121.48,123.4 1 0
github.com/kubestellar/kubestellar/api/control/v1alpha1/conditions.go:125.2,125.13 1 1
github.com/kubestellar/kubestellar/api/control/v1alpha1/conditions.go:128.78,129.33 1 0
github.com/kubestellar/kubestellar/api/control/v1alpha1/conditions.go:129.33,131.3 1 0
github.com/kubestellar/kubestellar/api/control/v1alpha1/conditions.go:132.2,132.76 1 0
github.com/kubestellar/kubestellar/api/control/v1alpha1/conditions.go:137.49,144.2 1 0
github.com/kubestellar/kubestellar/api/control/v1alpha1/conditions.go:148.49,155.2 1 0
github.com/kubestellar/kubestellar/api/control/v1alpha1/conditions.go:159.50,166.2 1 0
github.com/kubestellar/kubestellar/api/control/v1alpha1/conditions.go:170.52,177.2 1 0
github.com/kubestellar/kubestellar/api/control/v1alpha1/conditions.go:180.57,187.2 1 0
github.com/kubestellar/kubestellar/api/control/v1alpha1/conditions.go:191.64,199.2 1 0
github.com/kubestellar/kubestellar/api/control/v1alpha1/register.go:31.41,33.2 1 0
github.com/kubestellar/kubestellar/api/control/v1alpha1/register.go:36.53,38.2 1 0
github.com/kubestellar/kubestellar/api/control/v1alpha1/register.go:40.50,55.2 3 0
github.com/kubestellar/kubestellar/api/control/v1alpha1/zz_generated.deepcopy.go:30.47,36.2 5 0
github.com/kubestellar/kubestellar/api/control/v1alpha1/zz_generated.deepcopy.go:39.40,40.15 1 0
github.com/kubestellar/kubestellar/api/control/v1alpha1/zz_generated.deepcopy.go:40.15,42.3 1 0
github.com/kubestellar/kubestellar/api/control/v1alpha1/zz_generated.deepcopy.go:43.2,45.12 3 0
github.com/kubestellar/kubestellar/api/control/v1alpha1/zz_generated.deepcopy.go:49.52,50.34 1 0
github.com/kubestellar/kubestellar/api/control/v1alpha1/zz_generated.deepcopy.go:50.34,52.3 1 0
github.com/kubestellar/kubestellar/api/control/v1alpha1/zz_generated.deepcopy.go:53.2,53.12 1 0
github.com/kubestellar/kubestellar/api/control/v1alpha1/zz_generated.deepcopy.go:57.55,61.21 4 0
github.com/kubestellar/kubestellar/api/control/v1alpha1/zz_generated.deepcopy.go:61.21,64.22 3 0
github.com/kubestellar/kubestellar/api/control/v1alpha1/zz_generated.deepcopy.go:64.22,66.4 1 0
github.com/kubestellar/kubestellar/api/control/v1alpha1/zz_generated.deepcopy.go:71.48,72.15 1 0
github.com/kubestellar/kubestellar/api/control/v1alpha1/zz_generated.deepcopy.go:72.15,74.3 1 0
github.com/kubestellar/kubestellar/api/control/v1alpha1/zz_generated.deepcopy.go:75.2,77.12 3 0
github.com/kubestellar/kubestellar/api/control/v1alpha1/zz_generated.deepcopy.go:81.56,82.34 1 0
github.com/kubestellar/kubestellar/api/control/v1alpha1/zz_generated.deepcopy.go:82.34,84.3 1 0
github.com/kubestellar/kubestellar/api/control/v1alpha1/zz_generated.deepcopy.go:85.2,85.12 1 0
github.com/kubestellar/kubestellar/api/control/v1alpha1/zz_generated.deepcopy.go:89.59,95.2 5 0
github.com/kubestellar/kubestellar/api/control/v1alpha1/zz_generated.deepcopy.go:98.52,99.15 1 0
github.com/kubestellar/kubestellar/api/control/v1alpha1/zz_generated.deepcopy.go:99.15,101.3 1 0
github.com/kubestellar/kubestellar/api/control/v1alpha1/zz_generated.deepcopy.go:102.2,104.12 3 0
github.com/kubestellar/kubestellar/api/control/v1alpha1/zz_generated.deepcopy.go:108.58,109.34 1 0
github.com/kubestellar/kubestellar/api/control/v1alpha1/zz_generated.deepcopy.go:109.34,111.3 1 0
github.com/kubestellar/kubestellar/api/control/v1alpha1/zz_generated.deepcopy.go:112.2,112.12 1 0
github.com/kubestellar/kubestellar/api/control/v1alpha1/zz_generated.deepcopy.go:116.77,119.2 2 0
github.com/kubestellar/kubestellar/api/control/v1alpha1/zz_generated.deepcopy.go:122.70,123.15 1 0
github.com/kubestellar/kubestellar/api/control/v1alpha1/zz_generated.deepcopy.go:123.15,125.3 1 0
github.com/kubestellar/kubestellar/api/control/v1alpha1/zz_generated.deepcopy.go:126.2,128.12 3 0
github.com/kubestellar/kubestellar/api/control/v1alpha1/zz_generated.deepcopy.go:132.67,136.21 4 0
github.com/kubestellar/kubestellar/api/control/v1alpha1/zz_generated.deepcopy.go:136.21,139.22 3 0
github.com/kubestellar/kubestellar/api/control/v1alpha1/zz_generated.deepcopy.go:139.22,141.4 1 0
github.com/kubestellar/kubestellar/api/control/v1alpha1/zz_generated.deepcopy.go:146.60,147.15 1 0
github.com/kubestellar/kubestellar/api/control/v1alpha1/zz_generated.deepcopy.go:147.15,149.3 1 0
github.com/kubestellar/kubestellar/api/control/v1alpha1/zz_generated.deepcopy.go:150.2,152.12 3 0
github.com/kubestellar/kubestellar/api/control/v1alpha1/zz_generated.deepcopy.go:156.62,157.34 1 0
github.com/kubestellar/kubestellar/api/control/v1alpha1/zz_generated.deepcopy.go:157.34,159.3 1 0
github.com/kubestellar/kubestellar/api/control/v1alpha1/zz_generated.deepcopy.go:160.2,160.12 1 0
github.com/kubestellar/kubestellar/api/control/v1alpha1/zz_generated.deepcopy.go:164.67,166.32 2 0
github.com/kubestellar/kubestellar/api/control/v1alpha1/zz_generated.deepcopy.go:166.32,169.22 3 0
github.com/kubestellar/kubestellar/api/control/v1alpha1/zz_generated.deepcopy.go:169.22,171.4 1 0
github.com/kubestellar/kubestellar/api/control/v1alpha1/zz_generated.deepcopy.go:173.2,173.24 1 0
github.com/kubestellar/kubestellar/api/control/v1alpha1/zz_generated.deepcopy.go:173.24,176.22 3 0
github.com/kubestellar/kubestellar/api/control/v1alpha1/zz_generated.deepcopy.go:176.22,178.4 1 0
github.com/kubestellar/kubestellar/api/control/v1alpha1/zz_generated.deepcopy.go:183.60,184.15 1 0
github.com/kubestellar/kubestellar/api/control/v1alpha1/zz_generated.deepcopy.go:184.15,186.3 1 0
github.com/kubestellar/kubestellar/api/control/v1alpha1/zz_generated.deepcopy.go:187.2,189.12 3 0
github.com/kubestellar/kubestellar/api/control/v1alpha1/zz_generated.deepcopy.go:193.71,195.26 2 0
github.com/kubestellar/kubestellar/api/control/v1alpha1/zz_generated.deepcopy.go:195.26,198.22 3 0
github.com/kubestellar/kubestellar/api/control/v1alpha1/zz_generated.deepcopy.go:198.22,200.4 1 0
github.com/kubestellar/kubestellar/api/control/v1alpha1/zz_generated.deepcopy.go:202.2,202.22 1 0
github.com/kubestellar/kubestellar/api/control/v1alpha1/zz_generated.deepcopy.go:202.22,206.3 3 0
github.com/kubestellar/kubestellar/api/control/v1alpha1/zz_generated.deepcopy.go:210.64,211.15 1 0
github.com/kubestellar/kubestellar/api/control/v1alpha1/zz_generated.deepcopy.go:211.15,213.3 1 0
github.com/kubestellar/kubestellar/api/control/v1alpha1/zz_generated.deepcopy.go:214.2,216.12 3 0
github.com/kubestellar/kubestellar/api/control/v1alpha1/zz_generated.deepcopy.go:220.55,223.28 3 0
github.com/kubestellar/kubestellar/api/control/v1alpha1/zz_generated.deepcopy.go:223.28,227.3 3 0
github.com/kubestellar/kubestellar/api/control/v1alpha1/zz_generated.deepcopy.go:231.48,232.15 1 0
github.com/kubestellar/kubestellar/api/control/v1alpha1/zz_generated.deepcopy.go:232.15,234.3 1 0
github.com/kubestellar/kubestellar/api/control/v1alpha1/zz_generated.deepcopy.go:235.2,237.12 3 0
github.com/kubestellar/kubestellar/api/control/v1alpha1/zz_generated.deepcopy.go:241.59,243.26 2 0
github.com/kubestellar/kubestellar/api/control/v1alpha1/zz_generated.deepcopy.go:243.26,246.22 3 0
github.com/kubestellar/kubestellar/api/control/v1alpha1/zz_generated.deepcopy.go:246.22,248.4 1 0
github.com/kubestellar/kubestellar/api/control/v1alpha1/zz_generated.deepcopy.go:250.2,250.22 1 0
github.com/kubestellar/kubestellar/api/control/v1alpha1/zz_generated.deepcopy.go:250.22,254.3 3 0
github.com/kubestellar/kubestellar/api/control/v1alpha1/zz_generated.deepcopy.go:258.52,259.15 1 0
github.com/kubestellar/kubestellar/api/control/v1alpha1/zz_generated.deepcopy.go:259.15,261.3 1 0
github.com/kubestellar/kubestellar/api/control/v1alpha1/zz_generated.deepcopy.go:262.2,264.12 3 0
github.com/kubestellar/kubestellar/api/control/v1alpha1/zz_generated.deepcopy.go:268.85,272.2 3 0
github.com/kubestellar/kubestellar/api/control/v1alpha1/zz_generated.deepcopy.go:275.78,276.15 1 0
github.com/kubestellar/kubestellar/api/control/v1alpha1/zz_generated.deepcopy.go:276.15,278.3 1 0
github.com/kubestellar/kubestellar/api/control/v1alpha1/zz_generated.deepcopy.go:279.2,281.12 3 0
github.com/kubestellar/kubestellar/api/control/v1alpha1/zz_generated.deepcopy.go:285.85,288.2 2 0
github.com/kubestellar/kubestellar/api/control/v1alpha1/zz_generated.deepcopy.go:291.78,292.15 1 0
github.com/kubestellar/kubestellar/api/control/v1alpha1/zz_generated.deepcopy.go:292.15,294.3 1 0
github.com/kubestellar/kubestellar/api/control/v1alpha1/zz_generated.deepcopy.go:295.2,297.12 3 0
github.com/kubestellar/kubestellar/api/control/v1alpha1/zz_generated.deepcopy.go:301.61,305.23 4 0
github.com/kubestellar/kubestellar/api/control/v1alpha1/zz_generated.deepcopy.go:305.23,308.22 3 0
github.com/kubestellar/kubestellar/api/control/v1alpha1/zz_generated.deepcopy.go:308.22,310.4 1 0
github.com/kubestellar/kubestellar/api/control/v1alpha1/zz_generated.deepcopy.go:315.54,316.15 1 0
github.com/kubestellar/kubestellar/api/control/v1alpha1/zz_generated.deepcopy.go:316.15,318.3 1 0
github.com/kubestellar/kubestellar/api/control/v1alpha1/zz_generated.deepcopy.go:319.2,321.12 3 0
github.com/kubestellar/kubestellar/api/control/v1alpha1/zz_generated.deepcopy.go:325.59,326.34 1 0
github.com/kubestellar/kubestellar/api/control/v1alpha1/zz_generated.deepcopy.go:326.34,328.3 1 0
github.com/kubestellar/kubestellar/api/control/v1alpha1/zz_generated.deepcopy.go:329.2,329.12 1 0
github.com/kubestellar/kubestellar/api/control/v1alpha1/zz_generated.deepcopy.go:333.69,337.21 4 0
github.com/kubestellar/kubestellar/api/control/v1alpha1/zz_generated.deepcopy.go:337.21,340.22 3 0
github.com/kubestellar/kubestellar/api/control/v1alpha1/zz_generated.deepcopy.go:340.22,342.4 1 0
github.com/kubestellar/kubestellar/api/control/v1alpha1/zz_generated.deepcopy.go:347.62,348.15 1 0
github.com/kubestellar/kubestellar/api/control/v1alpha1/zz_generated.deepcopy.go:348.15,350.3 1 0
github.com/kubestellar/kubestellar/api/control/v1alpha1/zz_generated.deepcopy.go:351.2,353.12 3 0
github.com/kubestellar/kubestellar/api/control/v1alpha1/zz_generated.deepcopy.go:357.63,358.34 1 0
github.com/kubestellar/kubestellar/api/control/v1alpha1/zz_generated.deepcopy.go:358.34,360.3 1 0
github.com/kubestellar/kubestellar/api/control/v1alpha1/zz_generated.deepcopy.go:361.2,361.12 1 0
github.com/kubestellar/kubestellar/api/control/v1alpha1/zz_generated.deepcopy.go:365.63,371.2 5 0
github.com/kubestellar/kubestellar/api/control/v1alpha1/zz_generated.deepcopy.go:374.56,375.15 1 0
github.com/kubestellar/kubestellar/api/control/v1alpha1/zz_generated.deepcopy.go:375.15,377.3 1 0
github.com/kubestellar/kubestellar/api/control/v1alpha1/zz_generated.deepcopy.go:378.2,380.12 3 0
github.com/kubestellar/kubestellar/api/control/v1alpha1/zz_generated.deepcopy.go:384.60,385.34 1 0
github.com/kubestellar/kubestellar/api/control/v1alpha1/zz_generated.deepcopy.go:385.34,387.3 1 0
github.com/kubestellar/kubestellar/api/control/v1alpha1/zz_generated.deepcopy.go:388.2,388.12 1 0
github.com/kubestellar/kubestellar/api/control/v1alpha1/zz_generated.deepcopy.go:392.71,396.21 4 0
github.com/kubestellar/kubestellar/api/control/v1alpha1/zz_generated.deepcopy.go:396.21,399.22 3 0
github.com/kubestellar/kubestellar/api/control/v1alpha1/zz_generated.deepcopy.go:399.22,401.4 1 0
github.com/kubestellar/kubestellar/api/control/v1alpha1/zz_generated.deepcopy.go:406.64,407.15 1 0
github.com/kubestellar/kubestellar/api/control/v1alpha1/zz_generated.deepcopy.go:407.15,409.3 1 0
github.com/kubestellar/kubestellar/api/control/v1alpha1/zz_generated.deepcopy.go:410.2,412.12 3 0
github.com/kubestellar/kubestellar/api/control/v1alpha1/zz_generated.deepcopy.go:416.64,417.34 1 0
github.com/kubestellar/kubestellar/api/control/v1alpha1/zz_generated.deepcopy.go:417.34,419.3 1 0
github.com/kubestellar/kubestellar/api/control/v1alpha1/zz_generated.deepcopy.go:420.2,420.12 1 0
github.com/kubestellar/kubestellar/api/control/v1alpha1/zz_generated.deepcopy.go:424.71,426.22 2 0
github.com/kubestellar/kubestellar/api/control/v1alpha1/zz_generated.deepcopy.go:426.22,430.3 3 0
github.com/kubestellar/kubestellar/api/control/v1alpha1/zz_generated.deepcopy.go:434.64,435.15 1 0
github.com/kubestellar/kubestellar/api/control/v1alpha1/zz_generated.deepcopy.go:435.15,437.3 1 0
github.com/kubestellar/kubestellar/api/control/v1alpha1/zz_generated.deepcopy.go:438.2,440.12 3 0
github.com/kubestellar/kubestellar/api/control/v1alpha1/zz_generated.deepcopy.go:444.75,446.22 2 0
github.com/kubestellar/kubestellar/api/control/v1alpha1/zz_generated.deepcopy.go:446.22,450.3 3 0
github.com/kubestellar/kubestellar/api/control/v1alpha1/zz_generated.deepcopy.go:451.2,451.24 1 0
github.com/kubestellar/kubestellar/api/control/v1alpha1/zz_generated.deepcopy.go:451.24,455.3 3 0
github.com/kubestellar/kubestellar/api/control/v1alpha1/zz_generated.deepcopy.go:459.68,460.15 1 0
github.com/kubestellar/kubestellar/api/control/v1alpha1/zz_generated.deepcopy.go:460.15,462.3 1 0
github.com/kubestellar/kubestellar/api/control/v1alpha1/zz_generated.deepcopy.go:463.2,465.12 3 0
github.com/kubestellar/kubestellar/api/control/v1alpha1/zz_generated.deepcopy.go:469.55,471.2 1 0
github.com/kubestellar/kubestellar/api/control/v1alpha1/zz_generated.deepcopy.go:474.48,475.15 1 0
github.com/kubestellar/kubestellar/api/control/v1alpha1/zz_generated.deepcopy.go:475.15,477.3 1 0
github.com/kubestellar/kubestellar/api/control/v1alpha1/zz_generated.deepcopy.go:478.2,480.12 3 0
github.com/kubestellar/kubestellar/api/control/v1alpha1/zz_generated.deepcopy.go:484.69,486.32 2 0
github.com/kubestellar/kubestellar/api/control/v1alpha1/zz_generated.deepcopy.go:486.32,490.3 3 0
github.com/kubestellar/kubestellar/api/control/v1alpha1/zz_generated.deepcopy.go:494.62,495.15 1 0
github.com/kubestellar/kubestellar/api/control/v1alpha1/zz_generated.deepcopy.go:495.15,497.3 1 0
github.com/kubestellar/kubestellar/api/control/v1alpha1/zz_generated.deepcopy.go:498.2,500.12 3 0
github.com/kubestellar/kubestellar/api/control/v1alpha1/zz_generated.deepcopy.go:504.75,506.28 2 0
github.com/kubestellar/kubestellar/api/control/v1alpha1/zz_generated.deepcopy.go:506.28,509.22 3 0
github.com/kubestellar/kubestellar/api/control/v1alpha1/zz_generated.deepcopy.go:509.22,511.4 1 0
github.com/kubestellar/kubestellar/api/control/v1alpha1/zz_generated.deepcopy.go:513.2,513.30 1 0
github.com/kubestellar/kubestellar/api/control/v1alpha1/zz_generated.deepcopy.go:513.30,516.22 3 0
github.com/kubestellar/kubestellar/api/control/v1alpha1/zz_generated.deepcopy.go:516.22,518.4 1 0
github.com/kubestellar/kubestellar/api/control/v1alpha1/zz_generated.deepcopy.go:523.68,524.15 1 0
github.com/kubestellar/kubestellar/api/control/v1alpha1/zz_generated.deepcopy.go:524.15,526.3 1 0
github.com/kubestellar/kubestellar/api/control/v1alpha1/zz_generated.deepcopy.go:527.2,529.12 3 0
github.com/kubestellar/kubestellar/api/control/v1alpha1/zz_generated.deepcopy.go:533.69,535.24 2 0
github.com/kubestellar/kubestellar/api/control/v1alpha1/zz_generated.deepcopy.go:535.24,539.3 3 0
github.com/kubestellar/kubestellar/api/control/v1alpha1/zz_generated.deepcopy.go:540.2,540.25 1 0
github.com/kubestellar/kubestellar/api/control/v1alpha1/zz_generated.deepcopy.go:540.25,544.3 3 0
github.com/kubestellar/kubestellar/api/control/v1alpha1/zz_generated.deepcopy.go:545.2,545.26 1 0
github.com/kubestellar/kubestellar/api/control/v1alpha1/zz_generated.deepcopy.go:545.26,549.3 3 0
github.com/kubestellar/kubestellar/api/control/v1alpha1/zz_generated.deepcopy.go:550.2,550.34 1 0
github.com/kubestellar/kubestellar/api/control/v1alpha1/zz_generated.deepcopy.go:550.34,553.22 3 0
github.com/kubestellar/kubestellar/api/control/v1alpha1/zz_generated.deepcopy.go:553.22,555.4 1 0
github.com/kubestellar/kubestellar/api/control/v1alpha1/zz_generated.deepcopy.go:557.2,557.31 1 0
github.com/kubestellar/kubestellar/api/control/v1alpha1/zz_generated.deepcopy.go:557.31,560.22 3 0
github.com/kubestellar/kubestellar/api/control/v1alpha1/zz_generated.deepcopy.go:560.22,562.4 1 0
github.com/kubestellar/kubestellar/api/control/v1alpha1/zz_generated.deepcopy.go:564.2,564.27 1 0
github.com/kubestellar/kubestellar/api/control/v1alpha1/zz_generated.deepcopy.go:564.27,568.3 3 0
github.com/kubestellar/kubestellar/api/control/v1alpha1/zz_generated.deepcopy.go:572.62,573.15 1 0
github.com/kubestellar/kubestellar/api/control/v1alpha1/zz_generated.deepcopy.go:573.15,575.3 1 0
github.com/kubestellar/kubestellar/api/control/v1alpha1/zz_generated.deepcopy.go:576.2,578.12 3 0
github.com/kubestellar/kubestellar/api/control/v1alpha1/zz_generated.deepcopy.go:582.73,586.2 3 0
github.com/kubestellar/kubestellar/api/control/v1alpha1/zz_generated.deepcopy.go:589.66,590.15 1 0
github.com/kubestellar/kubestellar/api/control/v1alpha1/zz_generated.deepcopy.go:590.15,592.3 1 0
github.com/kubestellar/kubestellar/api/control/v1alpha1/zz_generated.deepcopy.go:593.2,595.12 3 0
github.com/kubestellar/kubestellar/api/control/v1alpha1/zz_generated.deepcopy.go:599.59,601.2 1 0
github.com/kubestellar/kubestellar/api/control/v1alpha1/zz_generated.deepcopy.go:604.52,605.15 1 0
github.com/kubestellar/kubestellar/api/control/v1alpha1/zz_generated.deepcopy.go:605.15,607.3 1 0
github.com/kubestellar/kubestellar/api/control/v1alpha1/zz_generated.deepcopy.go:608.2,610.12 3 0
github.com/kubestellar/kubestellar/api/control/v1alpha1/zz_generated.deepcopy.go:614.67,620.2 5 0
github.com/kubestellar/kubestellar/api/control/v1alpha1/zz_generated.deepcopy.go:623.60,624.15 1 0
github.com/kubestellar/kubestellar/api/control/v1alpha1/zz_generated.deepcopy.go:624.15,626.3 1 0
github.com/kubestellar/kubestellar/api/control/v1alpha1/zz_generated.deepcopy.go:627.2,629.12 3 0
github.com/kubestellar/kubestellar/api/control/v1alpha1/zz_generated.deepcopy.go:633.63,635.2 1 0
github.com/kubestellar/kubestellar/api/control/v1alpha1/zz_generated.deepcopy.go:638.56,639.15 1 0
github.com/kubestellar/kubestellar/api/control/v1alpha1/zz_generated.deepcopy.go:639.15,641.3 1 0
github.com/kubestellar/kubestellar/api/control/v1alpha1/zz_generated.deepcopy.go:642.2,644.12 3 0
github.com/kubestellar/kubestellar/api/control/v1alpha1/zz_generated.deepcopy.go:648.63,650.23 2 0
github.com/kubestellar/kubestellar/api/control/v1alpha1/zz_generated.deepcopy.go:650.23,654.3 3 0
github.com/kubestellar/kubestellar/api/control/v1alpha1/zz_generated.deepcopy.go:658.56,659.15 1 0
github.com/kubestellar/kubestellar/api/control/v1alpha1/zz_generated.deepcopy.go:659.15,661.3 1 0
github.com/kubestellar/kubestellar/api/control/v1alpha1/zz_generated.deepcopy.go:662.2,664.12 3 0
github.com/kubestellar/kubestellar/api/control/v1alpha1/zz_generated.deepcopy.go:668.63,670.2 1 0
github.com/kubestellar/kubestellar/api/control/v1alpha1/zz_generated.deepcopy.go:673.56,674.15 1 0
github.com/kubestellar/kubestellar/api/control/v1alpha1/zz_generated.deepcopy.go:674.15,676.3 1 0
github.com/kubestellar/kubestellar/api/control/v1alpha1/zz_generated.deepcopy.go:677.2,679.12 3 0
github.com/kubestellar/kubestellar/api/control/v1alpha1/zz_generated.deepcopy.go:683.77,685.27 2 0
github.com/kubestellar/kubestellar/api/control/v1alpha1/zz_generated.deepcopy.go:685.27,689.3 3 0
github.com/kubestellar/kubestellar/api/control/v1alpha1/zz_generated.deepcopy.go:690.2,690.20 1 0
github.com/kubestellar/kubestellar/api/control/v1alpha1/zz_generated.deepcopy.go:690.20,693.22 3 0
github.com/kubestellar/kubestellar/api/control/v1alpha1/zz_generated.deepcopy.go:693.22,695.4 1 0
github.com/kubestellar/kubestellar/api/control/v1alpha1/zz_generated.deepcopy.go:697.2,697.25 1 0
github.com/kubestellar/kubestellar/api/control/v1alpha1/zz_generated.deepcopy.go:697.25,701.3 3 0
github.com/kubestellar/kubestellar/api/control/v1alpha1/zz_generated.deepcopy.go:702.2,702.33 1 0
github.com/kubestellar/kubestellar/api/control/v1alpha1/zz_generated.deepcopy.go:702.33,706.3 3 0
github.com/kubestellar/kubestellar/api/control/v1alpha1/zz_generated.deepcopy.go:710.70,711.15 1 0
github.com/kubestellar/kubestellar/api/control/v1alpha1/zz_generated.deepcopy.go:711.15,713.3 1 0
github.com/kubestellar/kubestellar/api/control/v1alpha1/zz_generated.deepcopy.go:714.2,716.12 3 0
github.com/kubestellar/kubestellar/api/control/v1alpha1/zz_generated.deepcopy.go:720.89,724.2 3 0
github.com/kubestellar/kubestellar/api/control/v1alpha1/zz_generated.deepcopy.go:727.82,728.15 1 0
github.com/kubestellar/kubestellar/api/control/v1alpha1/zz_generated.deepcopy.go:728.15,730.3 1 0
github.com/kubestellar/kubestellar/api/control/v1alpha1/zz_generated.deepcopy.go:731.2,733.12 3 0
github.com/kubestellar/kubestellar/api/control/v1alpha1/zz_generated.deepcopy.go:737.89,740.2 2 0
github.com/kubestellar/kubestellar/api/control/v1alpha1/zz_generated.deepcopy.go:743.82,744.15 1 0
github.com/kubestellar/kubestellar/api/control/v1alpha1/zz_generated.deepcopy.go:744.15,746.3 1 0
github.com/kubestellar/kubestellar/api/control/v1alpha1/zz_generated.deepcopy.go:747.2,749.12 3 0
github.com/kubestellar/kubestellar/api/control/v1alpha1/zz_generated.deepcopy.go:753.63,756.2 2 0
github.com/kubestellar/kubestellar/api/control/v1alpha1/zz_generated.deepcopy.go:759.56,760.15 1 0
github.com/kubestellar/kubestellar/api/control/v1alpha1/zz_generated.deepcopy.go:760.15,762.3 1 0
github.com/kubestellar/kubestellar/api/control/v1alpha1/zz_generated.deepcopy.go:763.2,765.12 3 0
github.com/kubestellar/kubestellar/api/control/v1alpha1/zz_generated.deepcopy.go:769.59,772.2 2 0
github.com/kubestellar/kubestellar/api/control/v1alpha1/zz_generated.deepcopy.go:775.52,776.15 1 0
github.com/kubestellar/kubestellar/api/control/v1alpha1/zz_generated.deepcopy.go:776.15,778.3 1 0
github.com/kubestellar/kubestellar/api/control/v1alpha1/zz_generated.deepcopy.go:779.2,781.12 3 0
github.com/kubestellar/kubestellar/api/control/v1alpha1/zz_generated.deepcopy.go:785.69,788.2 2 0
github.com/kubestellar/kubestellar/api/control/v1alpha1/zz_generated.deepcopy.go:791.62,792.15 1 0
github.com/kubestellar/kubestellar/api/control/v1alpha1/zz_generated.deepcopy.go:792.15,794.3 1 0
github.com/kubestellar/kubestellar/api/control/v1alpha1/zz_generated.deepcopy.go:795.2,797.12 3 0
github.com/kubestellar/kubestellar/api/control/v1alpha1/zz_generated.deepcopy.go:801.63,807.2 5 0
github.com/kubestellar/kubestellar/api/control/v1alpha1/zz_generated.deepcopy.go:810.56,811.15 1 0
github.com/kubestellar/kubestellar/api/control/v1alpha1/zz_generated.deepcopy.go:811.15,813.3 1 0
github.com/kubestellar/kubestellar/api/control/v1alpha1/zz_generated.deepcopy.go:814.2,816.12 3 0
github.com/kubestellar/kubestellar/api/control/v1alpha1/zz_generated.deepcopy.go:820.60,821.34 1 0
github.com/kubestellar/kubestellar/api/control/v1alpha1/zz_generated.deepcopy.go:821.34,823.3 1 0
github.com/kubestellar/kubestellar/api/control/v1alpha1/zz_generated.deepcopy.go:824.2,824.12 1 0
github.com/kubestellar/kubestellar/api/control/v1alpha1/zz_generated.deepcopy.go:828.71,832.21 4 0
github.com/kubestellar/kubestellar/api/control/v1alpha1/zz_generated.deepcopy.go:832.21,835.22 3 0
github.com/kubestellar/kubestellar/api/control/v1alpha1/zz_generated.deepcopy.go:835.22,837.4 1 0
github.com/kubestellar/kubestellar/api/control/v1alpha1/zz_generated.deepcopy.go:842.64,843.15 1 0
github.com/kubestellar/kubestellar/api/control/v1alpha1/zz_generated.deepcopy.go:843.15,845.3 1 0
github.com/kubestellar/kubestellar/api/control/v1alpha1/zz_generated.deepcopy.go:846.2,848.12 3 0
github.com/kubestellar/kubestellar/api/control/v1alpha1/zz_generated.deepcopy.go:852.64,853.34 1 0
github.com/kubestellar/kubestellar/api/control/v1alpha1/zz_generated.deepcopy.go:853.34,855.3 1 0
github.com/kubestellar/kubestellar/api/control/v1alpha1/zz_generated.deepcopy.go:856.2,856.12 1 0
github.com/kubestellar/kubestellar/api/control/v1alpha1/zz_generated.deepcopy.go:860.71,862.22 2 0
github.com/kubestellar/kubestellar/api/control/v1alpha1/zz_generated.deepcopy.go:862.22,866.3 3 0
github.com/kubestellar/kubestellar/api/control/v1alpha1/zz_generated.deepcopy.go:867.2,867.23 1 0
github.com/kubestellar/kubestellar/api/control/v1alpha1/zz_generated.deepcopy.go:867.23,871.3 3 0
github.com/kubestellar/kubestellar/api/control/v1alpha1/zz_generated.deepcopy.go:872.2,872.30 1 0
github.com/kubestellar/kubestellar/api/control/v1alpha1/zz_generated.deepcopy.go:872.30,875.22 3 0
github.com/kubestellar/kubestellar/api/control/v1alpha1/zz_generated.deepcopy.go:875.22,877.4 1 0
github.com/kubestellar/kubestellar/api/control/v1alpha1/zz_generated.deepcopy.go:879.2,879.22 1 0
github.com/kubestellar/kubestellar/api/control/v1alpha1/zz_generated.deepcopy.go:879.22,883.3 3 0
github.com/kubestellar/kubestellar/api/control/v1alpha1/zz_generated.deepcopy.go:887.64,888.15 1 0
github.com/kubestellar/kubestellar/api/control/v1alpha1/zz_generated.deepcopy.go:888.15,890.3 1 0
github.com/kubestellar/kubestellar/api/control/v1alpha1/zz_generated.deepcopy.go:891.2,893.12 3 0
github.com/kubestellar/kubestellar/api/control/v1alpha1/zz_generated.deepcopy.go:897.75,899.22 2 0
github.com/kubestellar/kubestellar/api/control/v1alpha1/zz_generated.deepcopy.go:899.22,903.3 3 0
github.com/kubestellar/kubestellar/api/control/v1alpha1/zz_generated.deepcopy.go:907.68,908.15 1 0
github.com/kubestellar/kubestellar/api/control/v1alpha1/zz_generated.deepcopy.go:908.15,910.3 1 0
github.com/kubestellar/kubestellar/api/control/v1alpha1/zz_generated.deepcopy.go:911.2,913.12 3 0
github.com/kubestellar/kubestellar/api/control/v1alpha1/zz_generated.deepcopy.go:917.73,919.23 2 0
github.com/kubestellar/kubestellar/api/control/v1alpha1/zz_generated.deepcopy.go:919.23,922.22 3 0
github.com/kubestellar/kubestellar/api/control/v1alpha1/zz_generated.deepcopy.go:922.22,924.4 1 0
github.com/kubestellar/kubestellar/api/control/v1alpha1/zz_generated.deepcopy.go:929.66,930.15 1 0
github.com/kubestellar/kubestellar/api/control/v1alpha1/zz_generated.deepcopy.go:930.15,932.3 1 0
github.com/kubestellar/kubestellar/api/control/v1alpha1/zz_generated.deepcopy.go:933.2,935.12 3 0
github.com/kubestellar/kubestellar/api/control/v1alpha1/zz_generated.deepcopy.go:939.43,941.22 2 0
github.com/kubestellar/kubestellar/api/control/v1alpha1/zz_generated.deepcopy.go:941.22,945.3 3 0
github.com/kubestellar/kubestellar/api/control/v1alpha1/zz_generated.deepcopy.go:946.2,946.22 1 0
github.com/kubestellar/kubestellar/api/control/v1alpha1/zz_generated.deepcopy.go:946.22,950.3 3 0
github.com/kubestellar/kubestellar/api/control/v1alpha1/zz_generated.deepcopy.go:951.2,951.20 1 0
github.com/kubestellar/kubestellar/api/control/v1alpha1/zz_generated.deepcopy.go:951.20,955.3 3 0
github.com/kubestellar/kubestellar/api/control/v1alpha1/zz_generated.deepcopy.go:956.2,956.22 1 0
github.com/kubestellar/kubestellar/api/control/v1alpha1/zz_generated.deepcopy.go:956.22,960.3 3 0
github.com/kubestellar/kubestellar/api/control/v1alpha1/zz_generated.deepcopy.go:961.2,961.21 1 0
github.com/kubestellar/kubestellar/api/control/v1alpha1/zz_generated.deepcopy.go:961.21,965.3 3 0
github.com/kubestellar/kubestellar/api/control/v1alpha1/zz_generated.deepcopy.go:969.36,970.15 1 0
github.com/kubestellar/kubestellar/api/control/v1alpha1/zz_generated.deepcopy.go:970.15,972.3 1 0
github.com/kubestellar/kubestellar/api/control/v1alpha1/zz_generated.deepcopy.go:973.2,975.12 3 0
github.com/kubestellar/kubestellar/cmd/controller-manager/main.go:62.13,67.2 2 0
github.com/kubestellar/kubestellar/cmd/controller-manager/main.go:69.13,101.39 24 0
github.com/kubestellar/kubestellar/cmd/controller-manager/main.go:101.39,103.3 1 0
github.com/kubestellar/kubestellar/cmd/controller-manager/main.go:106.2,113.29 3 0
github.com/kubestellar/kubestellar/cmd/controller-manager/main.go:113.29,116.3 2 0
github.com/kubestellar/kubestellar/cmd/controller-manager/main.go:118.2,130.16 8 0
github.com/kubestellar/kubestellar/cmd/controller-manager/main.go:130.16,133.3 2 0
github.com/kubestellar/kubestellar/cmd/controller-manager/main.go:134.2,140.16 5 0
github.com/kubestellar/kubestellar/cmd/controller-manager/main.go:140.16,143.3 2 0
github.com/kubestellar/kubestellar/cmd/controller-manager/main.go:144.2,151.16 5 0
github.com/kubestellar/kubestellar/cmd/controller-manager/main.go:151.16,154.3 2 0
github.com/kubestellar/kubestellar/cmd/controller-manager/main.go:156.2,156.58 1 0
github.com/kubestellar/kubestellar/cmd/controller-manager/main.go:156.58,159.3 2 0
github.com/kubestellar/kubestellar/cmd/controller-manager/main.go:161.2,161.65 1 0
github.com/kubestellar/kubestellar/cmd/controller-manager/main.go:161.65,164.3 2 0
github.com/kubestellar/kubestellar/cmd/controller-manager/main.go:166.2,170.21 4 0
github.com/kubestellar/kubestellar/cmd/controller-manager/main.go:170.21,171.30 1 0
github.com/kubestellar/kubestellar/cmd/controller-manager/main.go:171.30,174.4 2 0
github.com/kubestellar/kubestellar/cmd/controller-manager/main.go:176.3,176.25 1 0
github.com/kubestellar/kubestellar/cmd/controller-manager/main.go:176.25,177.51 1 0
github.com/kubestellar/kubestellar/cmd/controller-manager/main.go:177.51,178.10 1 0
github.com/kubestellar/kubestellar/cmd/controller-manager/main.go:180.4,180.26 1 0
github.com/kubestellar/kubestellar/cmd/controller-manager/main.go:180.26,182.5 1 0
github.com/kubestellar/kubestellar/cmd/controller-manager/main.go:183.4,184.32 2 0
github.com/kubestellar/kubestellar/cmd/controller-manager/main.go:186.3,189.17 3 0
github.com/kubestellar/kubestellar/cmd/controller-manager/main.go:189.17,192.4 2 0
github.com/kubestellar/kubestellar/cmd/controller-manager/main.go:193.3,193.57 1 0
github.com/kubestellar/kubestellar/cmd/controller-manager/main.go:194.8,196.3 1 0
github.com/kubestellar/kubestellar/cmd/controller-manager/main.go:198.2,200.28 2 0
github.com/kubestellar/kubestellar/cmd/controller-manager/main.go:200.28,202.73 2 0
github.com/kubestellar/kubestellar/cmd/controller-manager/main.go:202.73,205.4 2 0
github.com/kubestellar/kubestellar/cmd/controller-manager/main.go:208.2,208.21 1 0
github.com/kubestellar/kubestellar/cmd/controller-manager/main.go:208.21,210.72 2 0
github.com/kubestellar/kubestellar/cmd/controller-manager/main.go:210.72,213.4 2 0
github.com/kubestellar/kubestellar/cmd/controller-manager/main.go:216.2,216.9 1 0
github.com/kubestellar/kubestellar/cmd/controller-manager/main.go:227.189,228.33 1 0
github.com/kubestellar/kubestellar/cmd/controller-manager/main.go:228.33,230.3 1 0
github.com/kubestellar/kubestellar/pkg/controller/run.go:34.49,37.12 3 0
github.com/kubestellar/kubestellar/pkg/controller/run.go:37.12,42.3 4 0
github.com/kubestellar/kubestellar/pkg/controller/run.go:43.2,44.20 2 0
github.com/kubestellar/kubestellar/pkg/controller/run.go:47.68,49.43 2 0
github.com/kubestellar/kubestellar/pkg/controller/run.go:49.43,50.13 1 0
github.com/kubestellar/kubestellar/pkg/controller/run.go:50.13,52.18 2 0
github.com/kubestellar/kubestellar/pkg/controller/run.go:52.18,54.15 2 0
github.com/kubestellar/kubestellar/pkg/controller/run.go:59.2,59.12 1 0
github.com/kubestellar/kubestellar/pkg/controller/run.go:59.12,61.17 2 0
github.com/kubestellar/kubestellar/pkg/controller/run.go:61.17,63.14 2 0
github.com/kubestellar/kubestellar/pkg/controller/run.go:67.2,69.12 3 0
github.com/kubestellar/kubestellar/pkg/controller/run.go:69.12,71.17 2 0
github.com/kubestellar/kubestellar/pkg/controller/run.go:71.17,73.14 2 0
github.com/kubestellar/kubestellar/pkg/controller/run.go:78.68,80.2 1 0
github.com/kubestellar/kubestellar/cmd/kubectl-rbac-flatten/main.go:47.13,66.48 17 0
github.com/kubestellar/kubestellar/cmd/kubectl-rbac-flatten/main.go:66.48,68.3 1 0
github.com/kubestellar/kubestellar/cmd/kubectl-rbac-flatten/main.go:70.2,71.48 2 0
github.com/kubestellar/kubestellar/cmd/kubectl-rbac-flatten/main.go:71.48,73.3 1 0
github.com/kubestellar/kubestellar/cmd/kubectl-rbac-flatten/main.go:75.2,76.16 2 0
github.com/kubestellar/kubestellar/cmd/kubectl-rbac-flatten/main.go:76.16,79.3 2 0
github.com/kubestellar/kubestellar/cmd/kubectl-rbac-flatten/main.go:81.2,83.22 3 0
github.com/kubestellar/kubestellar/cmd/kubectl-rbac-flatten/main.go:84.15,91.13 7 0
github.com/kubestellar/kubestellar/cmd/kubectl-rbac-flatten/main.go:91.13,93.4 1 0
github.com/kubestellar/kubestellar/cmd/kubectl-rbac-flatten/main.go:94.3,94.14 1 0
github.com/kubestellar/kubestellar/cmd/kubectl-rbac-flatten/main.go:94.14,96.4 1 0
github.com/kubestellar/kubestellar/cmd/kubectl-rbac-flatten/main.go:97.3,98.28 2 0
github.com/kubestellar/kubestellar/cmd/kubectl-rbac-flatten/main.go:98.28,99.40 1 0
github.com/kubestellar/kubestellar/cmd/kubectl-rbac-flatten/main.go:99.40,100.49 1 0
github.com/kubestellar/kubestellar/cmd/kubectl-rbac-flatten/main.go:100.49,101.45 1 0
github.com/kubestellar/kubestellar/cmd/kubectl-rbac-flatten/main.go:101.45,103.29 2 0
github.com/kubestellar/kubestellar/cmd/kubectl-rbac-flatten/main.go:103.29,105.8 1 0
github.com/kubestellar/kubestellar/cmd/kubectl-rbac-flatten/main.go:106.7,106.40 1 0
github.com/kubestellar/kubestellar/cmd/kubectl-rbac-flatten/main.go:106.40,110.18 4 0
github.com/kubestellar/kubestellar/cmd/kubectl-rbac-flatten/main.go:110.18,112.9 1 0
github.com/kubestellar/kubestellar/cmd/kubectl-rbac-flatten/main.go:113.8,113.19 1 0
github.com/kubestellar/kubestellar/cmd/kubectl-rbac-flatten/main.go:113.19,115.9 1 0
github.com/kubestellar/kubestellar/cmd/kubectl-rbac-flatten/main.go:116.8,116.40 1 0
github.com/kubestellar/kubestellar/cmd/kubectl-rbac-flatten/main.go:122.3,123.17 2 0
github.com/kubestellar/kubestellar/cmd/kubectl-rbac-flatten/main.go:123.17,125.4 1 0
github.com/kubestellar/kubestellar/cmd/kubectl-rbac-flatten/main.go:126.3,126.23 1 0
github.com/kubestellar/kubestellar/cmd/kubectl-rbac-flatten/main.go:126.23,134.29 8 0
github.com/kubestellar/kubestellar/cmd/kubectl-rbac-flatten/main.go:134.29,135.41 1 0
github.com/kubestellar/kubestellar/cmd/kubectl-rbac-flatten/main.go:135.41,136.53 1 0
github.com/kubestellar/kubestellar/cmd/kubectl-rbac-flatten/main.go:136.53,142.7 5 0
github.com/kubestellar/kubestellar/cmd/kubectl-rbac-flatten/main.go:145.4,146.18 2 0
github.com/kubestellar/kubestellar/cmd/kubectl-rbac-flatten/main.go:146.18,148.5 1 0
github.com/kubestellar/kubestellar/cmd/kubectl-rbac-flatten/main.go:150.14,153.28 3 0
github.com/kubestellar/kubestellar/cmd/kubectl-rbac-flatten/main.go:153.28,154.13 1 0
github.com/kubestellar/kubestellar/cmd/kubectl-rbac-flatten/main.go:154.13,156.5 1 0
github.com/kubestellar/kubestellar/cmd/kubectl-rbac-flatten/main.go:156.10,158.5 1 0
github.com/kubestellar/kubestellar/cmd/kubectl-rbac-flatten/main.go:159.4,160.18 2 0
github.com/kubestellar/kubestellar/cmd/kubectl-rbac-flatten/main.go:160.18,162.5 1 0
github.com/kubestellar/kubestellar/cmd/kubectl-rbac-flatten/main.go:163.4,163.28 1 0
github.com/kubestellar/kubestellar/cmd/kubectl-rbac-flatten/main.go:165.3,165.19 1 0
github.com/kubestellar/kubestellar/cmd/kubectl-rbac-flatten/main.go:167.2,167.27 1 0
github.com/kubestellar/kubestellar/cmd/kubectl-rbac-flatten/main.go:167.27,169.3 1 0
github.com/kubestellar/kubestellar/cmd/kubectl-rbac-flatten/main.go:183.126,189.84 6 0
github.com/kubestellar/kubestellar/cmd/kubectl-rbac-flatten/main.go:189.84,191.3 1 0
github.com/kubestellar/kubestellar/cmd/kubectl-rbac-flatten/main.go:191.8,192.84 1 0
github.com/kubestellar/kubestellar/cmd/kubectl-rbac-flatten/main.go:192.84,192.101 1 0
github.com/kubestellar/kubestellar/cmd/kubectl-rbac-flatten/main.go:194.2,194.91 1 0
github.com/kubestellar/kubestellar/cmd/kubectl-rbac-flatten/main.go:194.91,196.3 1 0
github.com/kubestellar/kubestellar/cmd/kubectl-rbac-flatten/main.go:196.8,198.3 1 0
github.com/kubestellar/kubestellar/cmd/kubectl-rbac-flatten/main.go:199.2,199.96 1 0
github.com/kubestellar/kubestellar/cmd/kubectl-rbac-flatten/main.go:199.96,201.3 1 0
github.com/kubestellar/kubestellar/cmd/kubectl-rbac-flatten/main.go:201.8,202.84 1 0
github.com/kubestellar/kubestellar/cmd/kubectl-rbac-flatten/main.go:202.84,202.147 1 0
github.com/kubestellar/kubestellar/cmd/kubectl-rbac-flatten/main.go:204.2,204.103 1 0
github.com/kubestellar/kubestellar/cmd/kubectl-rbac-flatten/main.go:204.103,206.3 1 0
github.com/kubestellar/kubestellar/cmd/kubectl-rbac-flatten/main.go:206.8,208.3 1 0
github.com/kubestellar/kubestellar/cmd/kubectl-rbac-flatten/main.go:209.2,212.112 4 0
github.com/kubestellar/kubestellar/cmd/kubectl-rbac-flatten/main.go:212.112,213.30 1 0
github.com/kubestellar/kubestellar/cmd/kubectl-rbac-flatten/main.go:213.30,214.52 1 0
github.com/kubestellar/kubestellar/cmd/kubectl-rbac-flatten/main.go:214.52,216.33 2 0
github.com/kubestellar/kubestellar/cmd/kubectl-rbac-flatten/main.go:216.33,217.14 1 0
github.com/kubestellar/kubestellar/cmd/kubectl-rbac-flatten/main.go:220.4,220.52 1 0
github.com/kubestellar/kubestellar/cmd/kubectl-rbac-flatten/main.go:220.52,222.33 2 0
github.com/kubestellar/kubestellar/cmd/kubectl-rbac-flatten/main.go:222.33,223.14 1 0
github.com/kubestellar/kubestellar/cmd/kubectl-rbac-flatten/main.go:226.4,226.34 1 0
github.com/kubestellar/kubestellar/cmd/kubectl-rbac-flatten/main.go:226.34,228.5 1 0
github.com/kubestellar/kubestellar/cmd/kubectl-rbac-flatten/main.go:231.2,231.30 1 0
github.com/kubestellar/kubestellar/cmd/kubectl-rbac-flatten/main.go:231.30,234.27 3 0
github.com/kubestellar/kubestellar/cmd/kubectl-rbac-flatten/main.go:235.22,236.45 1 0
github.com/kubestellar/kubestellar/cmd/kubectl-rbac-flatten/main.go:236.45,238.5 1 0
github.com/kubestellar/kubestellar/cmd/kubectl-rbac-flatten/main.go:238.10,240.5 1 0
github.com/kubestellar/kubestellar/cmd/kubectl-rbac-flatten/main.go:241.11,242.124 1 0
github.com/kubestellar/kubestellar/cmd/kubectl-rbac-flatten/main.go:244.3,244.57 1 0
github.com/kubestellar/kubestellar/cmd/kubectl-rbac-flatten/main.go:246.2,246.28 1 0
github.com/kubestellar/kubestellar/cmd/kubectl-rbac-flatten/main.go:246.28,249.26 3 0
github.com/kubestellar/kubestellar/cmd/kubectl-rbac-flatten/main.go:250.22,251.44 1 0
github.com/kubestellar/kubestellar/cmd/kubectl-rbac-flatten/main.go:251.44,253.5 1 0
github.com/kubestellar/kubestellar/cmd/kubectl-rbac-flatten/main.go:253.10,255.5 1 0
github.com/kubestellar/kubestellar/cmd/kubectl-rbac-flatten/main.go:256.15,258.29 2 0
github.com/kubestellar/kubestellar/cmd/kubectl-rbac-flatten/main.go:258.29,260.5 1 0
github.com/kubestellar/kubestellar/cmd/kubectl-rbac-flatten/main.go:260.10,262.5 1 0
github.com/kubestellar/kubestellar/cmd/kubectl-rbac-flatten/main.go:263.11,264.132 1 0
github.com/kubestellar/kubestellar/cmd/kubectl-rbac-flatten/main.go:266.3,266.55 1 0
github.com/kubestellar/kubestellar/cmd/kubectl-rbac-flatten/main.go:268.2,268.18 1 0
github.com/kubestellar/kubestellar/cmd/kubectl-rbac-flatten/main.go:271.60,272.31 1 0
github.com/kubestellar/kubestellar/cmd/kubectl-rbac-flatten/main.go:272.31,274.3 1 0
github.com/kubestellar/kubestellar/cmd/kubectl-rbac-flatten/main.go:277.24,277.37 1 0
github.com/kubestellar/kubestellar/cmd/kubectl-rbac-flatten/main.go:279.40,280.19 1 0
github.com/kubestellar/kubestellar/cmd/kubectl-rbac-flatten/main.go:281.14,282.26 1 0
github.com/kubestellar/kubestellar/cmd/kubectl-rbac-flatten/main.go:283.15,284.26 1 0
github.com/kubestellar/kubestellar/cmd/kubectl-rbac-flatten/main.go:285.24,286.50 1 0
github.com/kubestellar/kubestellar/cmd/kubectl-rbac-flatten/main.go:287.10,288.37 1 0
github.com/kubestellar/kubestellar/pkg/client/client.go:32.33,36.60 3 0
github.com/kubestellar/kubestellar/pkg/client/client.go:36.60,39.3 2 0
github.com/kubestellar/kubestellar/pkg/client/client.go:40.2,40.60 1 0
github.com/kubestellar/kubestellar/pkg/client/client.go:40.60,43.3 2 0
github.com/kubestellar/kubestellar/pkg/client/client.go:44.2,45.16 2 0
github.com/kubestellar/kubestellar/pkg/client/client.go:45.16,48.3 2 0
github.com/kubestellar/kubestellar/pkg/client/client.go:49.2,49.11 1 0
github.com/kubestellar/kubestellar/pkg/binding/binding-controller.go:168.63,172.16 3 0
github.com/kubestellar/kubestellar/pkg/binding/binding-controller.go:172.16,174.3 1 0
github.com/kubestellar/kubestellar/pkg/binding/binding-controller.go:176.2,177.16 2 0
github.com/kubestellar/kubestellar/pkg/binding/binding-controller.go:177.16,179.3 1 0
github.com/kubestellar/kubestellar/pkg/binding/binding-controller.go:182.2,187.16 6 0
github.com/kubestellar/kubestellar/pkg/binding/binding-controller.go:187.16,189.3 1 0
github.com/kubestellar/kubestellar/pkg/binding/binding-controller.go:190.2,191.63 2 0
github.com/kubestellar/kubestellar/pkg/binding/binding-controller.go:191.63,193.3 1 0
github.com/kubestellar/kubestellar/pkg/binding/binding-controller.go:196.2,205.16 7 0
github.com/kubestellar/kubestellar/pkg/binding/binding-controller.go:205.16,207.3 1 0
github.com/kubestellar/kubestellar/pkg/binding/binding-controller.go:208.2,211.16 3 0
github.com/kubestellar/kubestellar/pkg/binding/binding-controller.go:211.16,213.3 1 0
github.com/kubestellar/kubestellar/pkg/binding/binding-controller.go:214.2,217.16 3 0
github.com/kubestellar/kubestellar/pkg/binding/binding-controller.go:217.16,219.3 1 0
github.com/kubestellar/kubestellar/pkg/binding/binding-controller.go:220.2,226.66 2 0
github.com/kubestellar/kubestellar/pkg/binding/binding-controller.go:236.107,238.27 2 0
github.com/kubestellar/kubestellar/pkg/binding/binding-controller.go:238.27,240.3 1 0
github.com/kubestellar/kubestellar/pkg/binding/binding-controller.go:241.2,244.40 4 0
github.com/kubestellar/kubestellar/pkg/binding/binding-controller.go:244.40,246.3 1 0
github.com/kubestellar/kubestellar/pkg/binding/binding-controller.go:247.2,247.33 1 0
github.com/kubestellar/kubestellar/pkg/binding/binding-controller.go:250.45,253.31 2 0
github.com/kubestellar/kubestellar/pkg/binding/binding-controller.go:253.31,255.3 1 0
github.com/kubestellar/kubestellar/pkg/binding/binding-controller.go:257.2,257.38 1 0
github.com/kubestellar/kubestellar/pkg/binding/binding-controller.go:257.38,259.3 1 0
github.com/kubestellar/kubestellar/pkg/binding/binding-controller.go:260.2,260.14 1 0
github.com/kubestellar/kubestellar/pkg/binding/binding-controller.go:263.47,266.27 2 0
github.com/kubestellar/kubestellar/pkg/binding/binding-controller.go:266.27,268.3 1 0
github.com/kubestellar/kubestellar/pkg/binding/binding-controller.go:270.2,270.34 1 0
github.com/kubestellar/kubestellar/pkg/binding/binding-controller.go:270.34,272.3 1 0
github.com/kubestellar/kubestellar/pkg/binding/binding-controller.go:273.2,273.12 1 0
github.com/kubestellar/kubestellar/pkg/binding/binding-controller.go:289.62,326.2 4 0
github.com/kubestellar/kubestellar/pkg/binding/binding-controller.go:330.60,332.2 1 0
github.com/kubestellar/kubestellar/pkg/binding/binding-controller.go:336.67,339.16 3 0
github.com/kubestellar/kubestellar/pkg/binding/binding-controller.go:339.16,341.3 1 0
github.com/kubestellar/kubestellar/pkg/binding/binding-controller.go:342.2,343.12 2 0
github.com/kubestellar/kubestellar/pkg/binding/binding-controller.go:347.101,353.60 3 0
github.com/kubestellar/kubestellar/pkg/binding/binding-controller.go:353.60,355.3 1 0
github.com/kubestellar/kubestellar/pkg/binding/binding-controller.go:357.2,357.58 1 0
github.com/kubestellar/kubestellar/pkg/binding/binding-controller.go:357.58,359.3 1 0
github.com/kubestellar/kubestellar/pkg/binding/binding-controller.go:360.2,360.52 1 0
github.com/kubestellar/kubestellar/pkg/binding/binding-controller.go:360.52,362.3 1 0
github.com/kubestellar/kubestellar/pkg/binding/binding-controller.go:363.2,364.115 2 0
github.com/kubestellar/kubestellar/pkg/binding/binding-controller.go:364.115,366.3 1 0
github.com/kubestellar/kubestellar/pkg/binding/binding-controller.go:368.2,369.12 2 0
github.com/kubestellar/kubestellar/pkg/binding/binding-controller.go:369.12,371.3 1 0
github.com/kubestellar/kubestellar/pkg/binding/binding-controller.go:375.2,375.9 1 0
github.com/kubestellar/kubestellar/pkg/binding/binding-controller.go:376.24,377.13 1 0
github.com/kubestellar/kubestellar/pkg/binding/binding-controller.go:378.37,379.13 1 0
github.com/kubestellar/kubestellar/pkg/binding/binding-controller.go:385.74,387.2 1 0
github.com/kubestellar/kubestellar/pkg/binding/binding-controller.go:389.71,391.2 1 0
github.com/kubestellar/kubestellar/pkg/binding/binding-controller.go:394.93,403.42 4 0
github.com/kubestellar/kubestellar/pkg/binding/binding-controller.go:403.42,405.17 2 0
github.com/kubestellar/kubestellar/pkg/binding/binding-controller.go:405.17,407.12 2 0
github.com/kubestellar/kubestellar/pkg/binding/binding-controller.go:409.3,409.56 1 0
github.com/kubestellar/kubestellar/pkg/binding/binding-controller.go:409.56,411.12 2 0
github.com/kubestellar/kubestellar/pkg/binding/binding-controller.go:413.3,413.60 1 0
github.com/kubestellar/kubestellar/pkg/binding/binding-controller.go:413.60,415.12 2 0
github.com/kubestellar/kubestellar/pkg/binding/binding-controller.go:417.3,418.46 2 0
github.com/kubestellar/kubestellar/pkg/binding/binding-controller.go:418.46,419.69 1 0
github.com/kubestellar/kubestellar/pkg/binding/binding-controller.go:419.69,420.13 1 0
github.com/kubestellar/kubestellar/pkg/binding/binding-controller.go:422.4,423.18 2 0
github.com/kubestellar/kubestellar/pkg/binding/binding-controller.go:423.18,431.37 4 0
github.com/kubestellar/kubestellar/pkg/binding/binding-controller.go:431.37,434.7 2 0
github.com/kubestellar/kubestellar/pkg/binding/binding-controller.go:435.45,436.37 1 0
github.com/kubestellar/kubestellar/pkg/binding/binding-controller.go:436.37,438.8 1 0
github.com/kubestellar/kubestellar/pkg/binding/binding-controller.go:439.7,439.68 1 0
github.com/kubestellar/kubestellar/pkg/binding/binding-controller.go:441.40,444.34 3 0
github.com/kubestellar/kubestellar/pkg/binding/binding-controller.go:445.43,447.42 2 0
github.com/kubestellar/kubestellar/pkg/binding/binding-controller.go:449.7,449.93 1 0
github.com/kubestellar/kubestellar/pkg/binding/binding-controller.go:454.5,463.29 5 0
github.com/kubestellar/kubestellar/pkg/binding/binding-controller.go:470.2,470.111 1 0
github.com/kubestellar/kubestellar/pkg/binding/binding-controller.go:470.111,471.72 1 0
github.com/kubestellar/kubestellar/pkg/binding/binding-controller.go:471.72,473.4 1 0
github.com/kubestellar/kubestellar/pkg/binding/binding-controller.go:475.3,475.13 1 0
github.com/kubestellar/kubestellar/pkg/binding/binding-controller.go:476.17,478.3 1 0
github.com/kubestellar/kubestellar/pkg/binding/binding-controller.go:480.2,485.85 4 0
github.com/kubestellar/kubestellar/pkg/binding/binding-controller.go:485.85,487.3 1 0
github.com/kubestellar/kubestellar/pkg/binding/binding-controller.go:489.2,490.31 2 0
github.com/kubestellar/kubestellar/pkg/binding/binding-controller.go:490.31,494.3 3 0
github.com/kubestellar/kubestellar/pkg/binding/binding-controller.go:496.2,502.12 5 0
github.com/kubestellar/kubestellar/pkg/binding/binding-controller.go:505.78,507.34 1 0
github.com/kubestellar/kubestellar/pkg/binding/binding-controller.go:507.34,510.4 2 0
github.com/kubestellar/kubestellar/pkg/binding/binding-controller.go:511.42,517.48 5 0
github.com/kubestellar/kubestellar/pkg/binding/binding-controller.go:517.48,520.5 2 0
github.com/kubestellar/kubestellar/pkg/binding/binding-controller.go:522.37,523.61 1 0
github.com/kubestellar/kubestellar/pkg/binding/binding-controller.go:523.61,525.5 1 0
github.com/kubestellar/kubestellar/pkg/binding/binding-controller.go:526.4,527.68 2 0
github.com/kubestellar/kubestellar/pkg/binding/binding-controller.go:530.2,530.16 1 0
github.com/kubestellar/kubestellar/pkg/binding/binding-controller.go:530.16,533.3 2 0
github.com/kubestellar/kubestellar/pkg/binding/binding-controller.go:534.2,535.80 2 0
github.com/kubestellar/kubestellar/pkg/binding/binding-controller.go:535.80,537.3 1 0
github.com/kubestellar/kubestellar/pkg/binding/binding-controller.go:538.2,538.12 1 0
github.com/kubestellar/kubestellar/pkg/binding/binding-controller.go:541.76,544.34 2 0
github.com/kubestellar/kubestellar/pkg/binding/binding-controller.go:544.34,548.4 3 0
github.com/kubestellar/kubestellar/pkg/binding/binding-controller.go:549.42,552.44 3 0
github.com/kubestellar/kubestellar/pkg/binding/binding-controller.go:552.44,555.5 2 0
github.com/kubestellar/kubestellar/pkg/binding/binding-controller.go:557.37,558.61 1 0
github.com/kubestellar/kubestellar/pkg/binding/binding-controller.go:558.61,560.5 1 0
github.com/kubestellar/kubestellar/pkg/binding/binding-controller.go:561.4,563.46 3 0
github.com/kubestellar/kubestellar/pkg/binding/binding-controller.go:566.2,566.16 1 0
github.com/kubestellar/kubestellar/pkg/binding/binding-controller.go:566.16,569.3 2 0
github.com/kubestellar/kubestellar/pkg/binding/binding-controller.go:570.2,570.12 1 0
github.com/kubestellar/kubestellar/pkg/binding/binding-controller.go:573.70,576.34 2 0
github.com/kubestellar/kubestellar/pkg/binding/binding-controller.go:576.34,580.4 3 0
github.com/kubestellar/kubestellar/pkg/binding/binding-controller.go:581.42,584.50 3 0
github.com/kubestellar/kubestellar/pkg/binding/binding-controller.go:584.50,587.5 2 0
github.com/kubestellar/kubestellar/pkg/binding/binding-controller.go:589.37,590.61 1 0
github.com/kubestellar/kubestellar/pkg/binding/binding-controller.go:590.61,592.5 1 0
github.com/kubestellar/kubestellar/pkg/binding/binding-controller.go:593.4,595.41 3 0
github.com/kubestellar/kubestellar/pkg/binding/binding-controller.go:598.2,598.16 1 0
github.com/kubestellar/kubestellar/pkg/binding/binding-controller.go:598.16,601.3 2 0
github.com/kubestellar/kubestellar/pkg/binding/binding-controller.go:602.2,602.12 1 0
github.com/kubestellar/kubestellar/pkg/binding/binding-controller.go:605.66,606.38 1 0
github.com/kubestellar/kubestellar/pkg/binding/binding-controller.go:606.38,608.3 1 0
github.com/kubestellar/kubestellar/pkg/binding/binding-controller.go:609.2,609.62 1 0
github.com/kubestellar/kubestellar/pkg/binding/binding-controller.go:609.62,611.3 1 0
github.com/kubestellar/kubestellar/pkg/binding/binding-controller.go:613.2,613.42 1 0
github.com/kubestellar/kubestellar/pkg/binding/binding-controller.go:613.42,614.64 1 0
github.com/kubestellar/kubestellar/pkg/binding/binding-controller.go:614.64,616.4 1 0
github.com/kubestellar/kubestellar/pkg/binding/binding-controller.go:618.2,618.67 1 0
github.com/kubestellar/kubestellar/pkg/binding/binding-controller.go:621.50,625.66 3 0
github.com/kubestellar/kubestellar/pkg/binding/binding-controller.go:625.66,627.3 1 0
github.com/kubestellar/kubestellar/pkg/binding/binding-controller.go:629.2,629.14 1 0
github.com/kubestellar/kubestellar/pkg/binding/binding-controller.go:633.49,635.29 2 0
github.com/kubestellar/kubestellar/pkg/binding/binding-controller.go:635.29,636.15 1 0
github.com/kubestellar/kubestellar/pkg/binding/binding-controller.go:637.15,638.18 1 0
github.com/kubestellar/kubestellar/pkg/binding/binding-controller.go:639.16,640.19 1 0
github.com/kubestellar/kubestellar/pkg/binding/binding-controller.go:643.2,643.28 1 0
github.com/kubestellar/kubestellar/pkg/binding/binding-controller.go:649.132,659.2 6 0
github.com/kubestellar/kubestellar/pkg/binding/binding-controller.go:663.70,666.2 2 0
github.com/kubestellar/kubestellar/pkg/binding/binding-controller.go:668.83,670.2 1 0
github.com/kubestellar/kubestellar/pkg/binding/binding-controller.go:672.50,677.2 1 0
github.com/kubestellar/kubestellar/pkg/binding/binding-controller.go:682.53,683.33 1 0
github.com/kubestellar/kubestellar/pkg/binding/binding-controller.go:683.34,684.3 0 0
github.com/kubestellar/kubestellar/pkg/binding/binding-controller.go:689.68,692.14 3 0
github.com/kubestellar/kubestellar/pkg/binding/binding-controller.go:692.14,695.3 2 0
github.com/kubestellar/kubestellar/pkg/binding/binding-controller.go:696.2,699.22 2 0
github.com/kubestellar/kubestellar/pkg/binding/binding-controller.go:699.22,708.48 2 0
github.com/kubestellar/kubestellar/pkg/binding/binding-controller.go:708.48,712.4 2 0
github.com/kubestellar/kubestellar/pkg/binding/binding-controller.go:715.3,717.13 3 0
github.com/kubestellar/kubestellar/pkg/binding/binding-controller.go:720.2,720.16 1 0
github.com/kubestellar/kubestellar/pkg/binding/binding-controller.go:720.16,723.3 2 0
github.com/kubestellar/kubestellar/pkg/binding/binding-controller.go:725.2,725.13 1 0
github.com/kubestellar/kubestellar/pkg/binding/binding-controller.go:728.69,731.38 2 0
github.com/kubestellar/kubestellar/pkg/binding/binding-controller.go:732.18,733.51 1 0
github.com/kubestellar/kubestellar/pkg/binding/binding-controller.go:734.24,735.73 1 0
github.com/kubestellar/kubestellar/pkg/binding/binding-controller.go:735.73,738.4 1 0
github.com/kubestellar/kubestellar/pkg/binding/binding-controller.go:740.3,741.13 2 0
github.com/kubestellar/kubestellar/pkg/binding/binding-controller.go:742.29,743.48 1 0
github.com/kubestellar/kubestellar/pkg/binding/binding-controller.go:743.48,744.56 1 0
github.com/kubestellar/kubestellar/pkg/binding/binding-controller.go:744.56,747.5 1 0
github.com/kubestellar/kubestellar/pkg/binding/binding-controller.go:748.4,748.70 1 0
github.com/kubestellar/kubestellar/pkg/binding/binding-controller.go:751.3,751.49 1 0
github.com/kubestellar/kubestellar/pkg/binding/binding-controller.go:753.2,754.12 2 0
github.com/kubestellar/kubestellar/pkg/binding/binding-controller.go:757.107,759.12 2 0
github.com/kubestellar/kubestellar/pkg/binding/binding-controller.go:759.12,761.3 1 0
github.com/kubestellar/kubestellar/pkg/binding/binding-controller.go:763.2,763.93 1 0
github.com/kubestellar/kubestellar/pkg/binding/binding-controller.go:766.92,767.21 1 0
github.com/kubestellar/kubestellar/pkg/binding/binding-controller.go:767.21,769.3 1 0
github.com/kubestellar/kubestellar/pkg/binding/binding-controller.go:770.2,770.25 1 0
github.com/kubestellar/kubestellar/pkg/binding/binding-controller.go:773.46,776.2 2 0
github.com/kubestellar/kubestellar/pkg/binding/binding-controller.go:778.104,780.2 1 0
github.com/kubestellar/kubestellar/pkg/binding/binding-controller.go:782.112,784.2 1 0
github.com/kubestellar/kubestellar/pkg/binding/binding-controller.go:791.87,793.16 2 0
github.com/kubestellar/kubestellar/pkg/binding/binding-controller.go:793.16,795.3 1 0
github.com/kubestellar/kubestellar/pkg/binding/binding-controller.go:797.2,797.48 1 0
github.com/kubestellar/kubestellar/pkg/binding/binding-controller.go:797.48,799.3 1 0
github.com/kubestellar/kubestellar/pkg/binding/binding-controller.go:801.2,801.12 1 0
github.com/kubestellar/kubestellar/pkg/binding/binding.go:33.81,36.60 2 0
github.com/kubestellar/kubestellar/pkg/binding/binding.go:36.60,43.3 2 0
github.com/kubestellar/kubestellar/pkg/binding/binding.go:45.2,47.35 2 0
github.com/kubestellar/kubestellar/pkg/binding/binding.go:47.35,56.3 1 0
github.com/kubestellar/kubestellar/pkg/binding/binding.go:56.8,56.30 1 0
github.com/kubestellar/kubestellar/pkg/binding/binding.go:56.30,58.3 1 0
github.com/kubestellar/kubestellar/pkg/binding/binding.go:61.2,65.34 3 0
github.com/kubestellar/kubestellar/pkg/binding/binding.go:65.34,68.3 2 0
github.com/kubestellar/kubestellar/pkg/binding/binding.go:68.8,68.29 1 0
github.com/kubestellar/kubestellar/pkg/binding/binding.go:68.29,70.3 1 0
github.com/kubestellar/kubestellar/pkg/binding/binding.go:73.2,74.33 2 0
github.com/kubestellar/kubestellar/pkg/binding/binding.go:74.33,76.3 1 0
github.com/kubestellar/kubestellar/pkg/binding/binding.go:79.2,79.84 1 0
github.com/kubestellar/kubestellar/pkg/binding/binding.go:79.84,81.3 1 0
github.com/kubestellar/kubestellar/pkg/binding/binding.go:81.8,83.85 1 0
github.com/kubestellar/kubestellar/pkg/binding/binding.go:83.85,85.4 1 0
github.com/kubestellar/kubestellar/pkg/binding/binding.go:88.3,88.89 1 0
github.com/kubestellar/kubestellar/pkg/binding/binding.go:90.2,93.36 4 0
github.com/kubestellar/kubestellar/pkg/binding/binding.go:93.36,94.67 1 0
github.com/kubestellar/kubestellar/pkg/binding/binding.go:94.67,96.22 2 0
github.com/kubestellar/kubestellar/pkg/binding/binding.go:96.22,97.10 1 0
github.com/kubestellar/kubestellar/pkg/binding/binding.go:101.2,101.20 1 0
github.com/kubestellar/kubestellar/pkg/binding/binding.go:101.20,103.17 2 0
github.com/kubestellar/kubestellar/pkg/binding/binding.go:103.17,105.4 1 0
github.com/kubestellar/kubestellar/pkg/binding/binding.go:105.9,107.4 1 0
github.com/kubestellar/kubestellar/pkg/binding/binding.go:109.2,116.22 4 0
github.com/kubestellar/kubestellar/pkg/binding/binding.go:116.22,118.3 1 0
github.com/kubestellar/kubestellar/pkg/binding/binding.go:118.8,118.41 1 0
github.com/kubestellar/kubestellar/pkg/binding/binding.go:118.41,120.3 1 0
github.com/kubestellar/kubestellar/pkg/binding/binding.go:120.8,122.3 1 0
github.com/kubestellar/kubestellar/pkg/binding/binding.go:124.2,124.12 1 0
github.com/kubestellar/kubestellar/pkg/binding/binding.go:136.52,143.16 4 0
github.com/kubestellar/kubestellar/pkg/binding/binding.go:143.16,145.3 1 0
github.com/kubestellar/kubestellar/pkg/binding/binding.go:146.2,151.16 4 0
github.com/kubestellar/kubestellar/pkg/binding/binding.go:151.16,152.29 1 0
github.com/kubestellar/kubestellar/pkg/binding/binding.go:152.29,154.18 2 0
github.com/kubestellar/kubestellar/pkg/binding/binding.go:154.18,156.5 1 0
github.com/kubestellar/kubestellar/pkg/binding/binding.go:158.4,159.14 2 0
github.com/kubestellar/kubestellar/pkg/binding/binding.go:160.9,162.4 1 0
github.com/kubestellar/kubestellar/pkg/binding/binding.go:165.2,166.12 2 0
github.com/kubestellar/kubestellar/pkg/binding/bindingpolicy-resolution-broker.go:75.46,75.61 1 0
github.com/kubestellar/kubestellar/pkg/binding/bindingpolicy-resolution-broker.go:77.50,78.87 1 0
github.com/kubestellar/kubestellar/pkg/binding/bindingpolicy-resolution-broker.go:78.87,79.48 1 0
github.com/kubestellar/kubestellar/pkg/binding/bindingpolicy-resolution-broker.go:79.48,81.4 1 0
github.com/kubestellar/kubestellar/pkg/binding/bindingpolicy-resolution-broker.go:82.3,82.13 1 0
github.com/kubestellar/kubestellar/pkg/binding/bindingpolicy-resolution-broker.go:91.73,96.2 1 0
github.com/kubestellar/kubestellar/pkg/binding/bindingpolicy-resolution-broker.go:121.88,128.2 5 0
github.com/kubestellar/kubestellar/pkg/binding/bindingpolicy-resolution-broker.go:132.83,134.23 2 0
github.com/kubestellar/kubestellar/pkg/binding/bindingpolicy-resolution-broker.go:134.23,136.3 1 0
github.com/kubestellar/kubestellar/pkg/binding/bindingpolicy-resolution-broker.go:137.2,137.19 1 0
github.com/kubestellar/kubestellar/pkg/binding/bindingpolicy-resolution-broker.go:142.87,146.47 3 0
github.com/kubestellar/kubestellar/pkg/binding/bindingpolicy-resolution-broker.go:146.47,148.3 1 0
github.com/kubestellar/kubestellar/pkg/binding/bindingpolicy-resolution-broker.go:151.119,156.49 4 0
github.com/kubestellar/kubestellar/pkg/binding/bindingpolicy-resolution-broker.go:156.49,159.3 2 0
github.com/kubestellar/kubestellar/pkg/binding/bindingpolicy-resolution.go:78.61,84.2 1 0
github.com/kubestellar/kubestellar/pkg/binding/bindingpolicy-resolution.go:86.66,90.2 3 0
github.com/kubestellar/kubestellar/pkg/binding/bindingpolicy-resolution.go:92.79,96.2 3 0
github.com/kubestellar/kubestellar/pkg/binding/bindingpolicy-resolution.go:98.106,103.2 4 0
github.com/kubestellar/kubestellar/pkg/binding/bindingpolicy-resolution.go:114.70,120.41 4 0
github.com/kubestellar/kubestellar/pkg/binding/bindingpolicy-resolution.go:120.41,126.170 2 0
github.com/kubestellar/kubestellar/pkg/binding/bindingpolicy-resolution.go:126.170,129.4 2 0
github.com/kubestellar/kubestellar/pkg/binding/bindingpolicy-resolution.go:130.3,130.14 1 0
github.com/kubestellar/kubestellar/pkg/binding/bindingpolicy-resolution.go:133.2,133.14 1 0
github.com/kubestellar/kubestellar/pkg/binding/bindingpolicy-resolution.go:139.109,144.13 4 0
github.com/kubestellar/kubestellar/pkg/binding/bindingpolicy-resolution.go:144.13,146.3 1 0
github.com/kubestellar/kubestellar/pkg/binding/bindingpolicy-resolution.go:148.2,149.51 2 0
github.com/kubestellar/kubestellar/pkg/binding/bindingpolicy-resolution.go:149.51,152.3 2 0
github.com/kubestellar/kubestellar/pkg/binding/bindingpolicy-resolution.go:153.2,153.13 1 0
github.com/kubestellar/kubestellar/pkg/binding/bindingpolicy-resolution.go:158.82,167.72 4 0
github.com/kubestellar/kubestellar/pkg/binding/bindingpolicy-resolution.go:167.72,169.65 1 0
github.com/kubestellar/kubestellar/pkg/binding/bindingpolicy-resolution.go:169.65,179.12 3 0
github.com/kubestellar/kubestellar/pkg/binding/bindingpolicy-resolution.go:182.3,192.68 2 0
github.com/kubestellar/kubestellar/pkg/binding/bindingpolicy-resolution.go:196.2,201.3 2 0
github.com/kubestellar/kubestellar/pkg/binding/bindingpolicy-resolution.go:204.103,209.75 3 0
github.com/kubestellar/kubestellar/pkg/binding/bindingpolicy-resolution.go:209.75,211.3 1 0
github.com/kubestellar/kubestellar/pkg/binding/bindingpolicy-resolution.go:214.2,215.44 1 0
github.com/kubestellar/kubestellar/pkg/binding/bindingpolicy-resolution.go:215.44,217.3 1 0
github.com/kubestellar/kubestellar/pkg/binding/bindingpolicy-resolution.go:219.2,221.72 2 0
github.com/kubestellar/kubestellar/pkg/binding/bindingpolicy-resolution.go:221.72,228.62 1 0
github.com/kubestellar/kubestellar/pkg/binding/bindingpolicy-resolution.go:228.62,230.4 1 0
github.com/kubestellar/kubestellar/pkg/binding/bindingpolicy-resolution.go:233.2,233.13 1 0
github.com/kubestellar/kubestellar/pkg/binding/bindingpolicy-resolution.go:238.89,243.2 3 0
github.com/kubestellar/kubestellar/pkg/binding/bindingpolicy-resolution.go:245.92,250.2 3 0
github.com/kubestellar/kubestellar/pkg/binding/bindingpolicy-resolution.go:253.86,258.2 3 0
github.com/kubestellar/kubestellar/pkg/binding/bindingpolicy-resolution.go:265.146,268.67 3 0
github.com/kubestellar/kubestellar/pkg/binding/bindingpolicy-resolution.go:268.67,270.3 1 0
github.com/kubestellar/kubestellar/pkg/binding/bindingpolicy-resolution.go:271.2,271.26 1 0
github.com/kubestellar/kubestellar/pkg/binding/bindingpolicy-resolution.go:276.112,277.59 1 0
github.com/kubestellar/kubestellar/pkg/binding/bindingpolicy-resolution.go:277.59,279.3 1 0
github.com/kubestellar/kubestellar/pkg/binding/bindingpolicy-resolution.go:281.2,281.50 1 0
github.com/kubestellar/kubestellar/pkg/binding/bindingpolicy-resolution.go:281.50,282.55 1 0
github.com/kubestellar/kubestellar/pkg/binding/bindingpolicy-resolution.go:282.55,284.4 1 0
github.com/kubestellar/kubestellar/pkg/binding/bindingpolicy-resolution.go:287.2,287.13 1 0
github.com/kubestellar/kubestellar/pkg/binding/bindingpolicy-resolution.go:295.120,298.78 2 0
github.com/kubestellar/kubestellar/pkg/binding/bindingpolicy-resolution.go:298.78,309.3 1 0
github.com/kubestellar/kubestellar/pkg/binding/bindingpolicy-resolution.go:311.2,311.83 1 0
github.com/kubestellar/kubestellar/pkg/binding/bindingpolicy-resolution.go:311.83,322.3 1 0
github.com/kubestellar/kubestellar/pkg/binding/bindingpolicy-resolution.go:324.2,324.31 1 0
github.com/kubestellar/kubestellar/pkg/binding/bindingpolicy-resolution.go:327.111,330.53 2 0
github.com/kubestellar/kubestellar/pkg/binding/bindingpolicy-resolution.go:330.53,332.3 1 0
github.com/kubestellar/kubestellar/pkg/binding/bindingpolicy-resolution.go:334.2,334.27 1 0
github.com/kubestellar/kubestellar/pkg/binding/bindingpolicy-resolution.go:337.82,339.99 1 0
github.com/kubestellar/kubestellar/pkg/binding/bindingpolicy-resolution.go:339.99,340.105 1 0
github.com/kubestellar/kubestellar/pkg/binding/bindingpolicy-resolution.go:340.105,342.4 1 0
github.com/kubestellar/kubestellar/pkg/binding/bindingpolicy-resolution.go:343.3,343.55 1 0
github.com/kubestellar/kubestellar/pkg/binding/bindingpolicy-resolution.go:343.55,345.4 1 0
github.com/kubestellar/kubestellar/pkg/binding/bindingpolicy-resolution.go:346.3,346.63 1 0
github.com/kubestellar/kubestellar/pkg/binding/bindingpolicy-resolution.go:349.2,349.103 1 0
github.com/kubestellar/kubestellar/pkg/binding/bindingpolicy-resolution.go:349.103,350.105 1 0
github.com/kubestellar/kubestellar/pkg/binding/bindingpolicy-resolution.go:350.105,352.4 1 0
github.com/kubestellar/kubestellar/pkg/binding/bindingpolicy-resolution.go:353.3,355.65 3 0
github.com/kubestellar/kubestellar/pkg/binding/bindingpolicy-resolution.go:355.65,357.4 1 0
github.com/kubestellar/kubestellar/pkg/binding/bindingpolicy-resolution.go:358.3,358.63 1 0
github.com/kubestellar/kubestellar/pkg/binding/bindingpolicy-resolver.go:135.50,137.2 1 0
github.com/kubestellar/kubestellar/pkg/binding/bindingpolicy-resolver.go:139.94,145.2 1 0
github.com/kubestellar/kubestellar/pkg/binding/bindingpolicy-resolver.go:147.72,153.2 1 0
github.com/kubestellar/kubestellar/pkg/binding/bindingpolicy-resolver.go:155.70,157.2 1 0
github.com/kubestellar/kubestellar/pkg/binding/bindingpolicy-resolver.go:159.81,163.2 3 0
github.com/kubestellar/kubestellar/pkg/binding/bindingpolicy-resolver.go:173.55,180.2 3 0
github.com/kubestellar/kubestellar/pkg/binding/bindingpolicy-resolver.go:197.103,200.36 2 0
github.com/kubestellar/kubestellar/pkg/binding/bindingpolicy-resolver.go:200.36,202.3 1 0
github.com/kubestellar/kubestellar/pkg/binding/bindingpolicy-resolver.go:205.2,205.48 1 0
github.com/kubestellar/kubestellar/pkg/binding/bindingpolicy-resolver.go:211.114,214.36 2 0
github.com/kubestellar/kubestellar/pkg/binding/bindingpolicy-resolver.go:214.36,217.3 1 0
github.com/kubestellar/kubestellar/pkg/binding/bindingpolicy-resolver.go:219.2,219.57 1 0
github.com/kubestellar/kubestellar/pkg/binding/bindingpolicy-resolver.go:234.42,237.36 2 0
github.com/kubestellar/kubestellar/pkg/binding/bindingpolicy-resolver.go:237.36,239.3 1 0
github.com/kubestellar/kubestellar/pkg/binding/bindingpolicy-resolver.go:241.2,241.64 1 0
github.com/kubestellar/kubestellar/pkg/binding/bindingpolicy-resolver.go:244.97,245.86 1 0
github.com/kubestellar/kubestellar/pkg/binding/bindingpolicy-resolver.go:245.86,247.3 1 0
github.com/kubestellar/kubestellar/pkg/binding/bindingpolicy-resolver.go:251.2,251.42 1 0
github.com/kubestellar/kubestellar/pkg/binding/bindingpolicy-resolver.go:264.79,267.36 2 0
github.com/kubestellar/kubestellar/pkg/binding/bindingpolicy-resolver.go:267.36,271.3 1 0
github.com/kubestellar/kubestellar/pkg/binding/bindingpolicy-resolver.go:279.2,279.106 1 0
github.com/kubestellar/kubestellar/pkg/binding/bindingpolicy-resolver.go:289.44,292.36 2 0
github.com/kubestellar/kubestellar/pkg/binding/bindingpolicy-resolver.go:292.36,294.3 1 0
github.com/kubestellar/kubestellar/pkg/binding/bindingpolicy-resolver.go:302.2,302.70 1 0
github.com/kubestellar/kubestellar/pkg/binding/bindingpolicy-resolver.go:309.9,312.36 2 0
github.com/kubestellar/kubestellar/pkg/binding/bindingpolicy-resolver.go:312.36,315.3 1 0
github.com/kubestellar/kubestellar/pkg/binding/bindingpolicy-resolver.go:317.2,320.73 3 0
github.com/kubestellar/kubestellar/pkg/binding/bindingpolicy-resolver.go:324.39,329.36 2 0
github.com/kubestellar/kubestellar/pkg/binding/bindingpolicy-resolver.go:329.36,332.3 1 0
github.com/kubestellar/kubestellar/pkg/binding/bindingpolicy-resolver.go:334.2,338.12 4 0
github.com/kubestellar/kubestellar/pkg/binding/bindingpolicy-resolver.go:343.87,344.53 1 0
github.com/kubestellar/kubestellar/pkg/binding/bindingpolicy-resolver.go:344.53,346.3 1 0
github.com/kubestellar/kubestellar/pkg/binding/bindingpolicy-resolver.go:348.2,348.13 1 0
github.com/kubestellar/kubestellar/pkg/binding/bindingpolicy-resolver.go:356.123,362.64 4 0
github.com/kubestellar/kubestellar/pkg/binding/bindingpolicy-resolver.go:362.64,364.29 2 0
github.com/kubestellar/kubestellar/pkg/binding/bindingpolicy-resolver.go:364.29,366.9 2 0
github.com/kubestellar/kubestellar/pkg/binding/bindingpolicy-resolver.go:369.2,369.16 1 0
github.com/kubestellar/kubestellar/pkg/binding/bindingpolicy-resolver.go:369.16,371.3 1 0
github.com/kubestellar/kubestellar/pkg/binding/bindingpolicy-resolver.go:372.2,374.64 3 0
github.com/kubestellar/kubestellar/pkg/binding/bindingpolicy-resolver.go:374.64,376.15 2 0
github.com/kubestellar/kubestellar/pkg/binding/bindingpolicy-resolver.go:376.15,377.12 1 0
github.com/kubestellar/kubestellar/pkg/binding/bindingpolicy-resolver.go:379.3,380.47 2 0
github.com/kubestellar/kubestellar/pkg/binding/bindingpolicy-resolver.go:382.2,382.38 1 0
github.com/kubestellar/kubestellar/pkg/binding/bindingpolicy-resolver.go:385.146,390.23 4 0
github.com/kubestellar/kubestellar/pkg/binding/bindingpolicy-resolver.go:390.23,392.3 1 0
github.com/kubestellar/kubestellar/pkg/binding/bindingpolicy-resolver.go:393.2,395.33 3 0
github.com/kubestellar/kubestellar/pkg/binding/bindingpolicy-resolver.go:395.33,398.3 2 0
github.com/kubestellar/kubestellar/pkg/binding/bindingpolicy-resolver.go:399.2,399.12 1 0
github.com/kubestellar/kubestellar/pkg/binding/bindingpolicy-resolver.go:404.82,410.2 4 0
github.com/kubestellar/kubestellar/pkg/binding/bindingpolicy-resolver.go:413.66,415.2 1 0
github.com/kubestellar/kubestellar/pkg/binding/bindingpolicy-resolver.go:419.104,424.2 3 0
github.com/kubestellar/kubestellar/pkg/binding/bindingpolicy-resolver.go:428.72,433.54 4 0
github.com/kubestellar/kubestellar/pkg/binding/bindingpolicy-resolver.go:433.54,435.3 1 0
github.com/kubestellar/kubestellar/pkg/binding/bindingpolicy-resolver.go:437.2,437.13 1 0
github.com/kubestellar/kubestellar/pkg/binding/bindingpolicy-resolver.go:441.121,446.108 3 0
github.com/kubestellar/kubestellar/pkg/binding/bindingpolicy-resolver.go:446.108,448.3 1 0
github.com/kubestellar/kubestellar/pkg/binding/bindingpolicy-resolver.go:450.2,454.69 3 0
github.com/kubestellar/kubestellar/pkg/binding/bindingpolicy-resolver.go:454.69,456.4 1 0
github.com/kubestellar/kubestellar/pkg/binding/bindingpolicy-resolver.go:461.2,464.32 3 0
github.com/kubestellar/kubestellar/pkg/binding/bindingpolicy-resolver.go:467.61,469.2 1 0
github.com/kubestellar/kubestellar/pkg/binding/bindingpolicy.go:52.93,57.28 3 0
github.com/kubestellar/kubestellar/pkg/binding/bindingpolicy.go:57.28,60.3 1 0
github.com/kubestellar/kubestellar/pkg/binding/bindingpolicy.go:60.8,60.23 1 0
github.com/kubestellar/kubestellar/pkg/binding/bindingpolicy.go:60.23,62.3 1 0
github.com/kubestellar/kubestellar/pkg/binding/bindingpolicy.go:65.2,65.36 1 0
github.com/kubestellar/kubestellar/pkg/binding/bindingpolicy.go:65.36,66.76 1 0
github.com/kubestellar/kubestellar/pkg/binding/bindingpolicy.go:66.76,68.4 1 0
github.com/kubestellar/kubestellar/pkg/binding/bindingpolicy.go:71.3,76.17 4 0
github.com/kubestellar/kubestellar/pkg/binding/bindingpolicy.go:76.17,78.4 1 0
github.com/kubestellar/kubestellar/pkg/binding/bindingpolicy.go:79.3,79.27 1 0
github.com/kubestellar/kubestellar/pkg/binding/bindingpolicy.go:79.27,81.4 1 0
github.com/kubestellar/kubestellar/pkg/binding/bindingpolicy.go:86.3,92.59 4 0
github.com/kubestellar/kubestellar/pkg/binding/bindingpolicy.go:96.2,96.74 1 0
github.com/kubestellar/kubestellar/pkg/binding/bindingpolicy.go:96.74,98.3 1 0
github.com/kubestellar/kubestellar/pkg/binding/bindingpolicy.go:100.2,100.67 1 0
github.com/kubestellar/kubestellar/pkg/binding/bindingpolicy.go:103.108,108.2 4 0
github.com/kubestellar/kubestellar/pkg/binding/bindingpolicy.go:110.106,111.66 1 0
github.com/kubestellar/kubestellar/pkg/binding/bindingpolicy.go:111.66,113.3 1 0
github.com/kubestellar/kubestellar/pkg/binding/bindingpolicy.go:116.2,117.16 2 0
github.com/kubestellar/kubestellar/pkg/binding/bindingpolicy.go:117.16,120.3 1 0
github.com/kubestellar/kubestellar/pkg/binding/bindingpolicy.go:122.2,123.47 2 0
github.com/kubestellar/kubestellar/pkg/binding/bindingpolicy.go:123.47,127.3 2 0
github.com/kubestellar/kubestellar/pkg/binding/bindingpolicy.go:129.2,129.12 1 0
github.com/kubestellar/kubestellar/pkg/binding/bindingpolicy.go:132.138,137.16 4 0
github.com/kubestellar/kubestellar/pkg/binding/bindingpolicy.go:137.16,140.3 2 0
github.com/kubestellar/kubestellar/pkg/binding/bindingpolicy.go:141.2,141.48 1 0
github.com/kubestellar/kubestellar/pkg/binding/bindingpolicy.go:141.48,143.17 2 0
github.com/kubestellar/kubestellar/pkg/binding/bindingpolicy.go:143.17,146.4 2 0
github.com/kubestellar/kubestellar/pkg/binding/bindingpolicy.go:147.3,148.17 2 0
github.com/kubestellar/kubestellar/pkg/binding/bindingpolicy.go:148.17,151.4 2 0
github.com/kubestellar/kubestellar/pkg/binding/bindingpolicy.go:152.3,152.23 1 0
github.com/kubestellar/kubestellar/pkg/binding/bindingpolicy.go:152.23,155.4 2 0
github.com/kubestellar/kubestellar/pkg/binding/bindingpolicy.go:159.107,164.16 4 0
github.com/kubestellar/kubestellar/pkg/binding/bindingpolicy.go:164.16,167.3 2 0
github.com/kubestellar/kubestellar/pkg/binding/bindingpolicy.go:168.2,168.48 1 0
github.com/kubestellar/kubestellar/pkg/binding/bindingpolicy.go:168.48,170.17 2 0
github.com/kubestellar/kubestellar/pkg/binding/bindingpolicy.go:170.17,173.4 2 0
github.com/kubestellar/kubestellar/pkg/binding/bindingpolicy.go:174.3,174.12 1 0
github.com/kubestellar/kubestellar/pkg/binding/bindingpolicy.go:174.12,177.4 2 0
github.com/kubestellar/kubestellar/pkg/binding/bindingpolicy.go:183.79,185.16 2 0
github.com/kubestellar/kubestellar/pkg/binding/bindingpolicy.go:185.16,187.3 1 0
github.com/kubestellar/kubestellar/pkg/binding/bindingpolicy.go:188.2,188.18 1 0
github.com/kubestellar/kubestellar/pkg/binding/bindingpolicy.go:194.98,197.100 2 0
github.com/kubestellar/kubestellar/pkg/binding/bindingpolicy.go:197.100,199.71 1 0
github.com/kubestellar/kubestellar/pkg/binding/bindingpolicy.go:199.71,202.4 2 0
github.com/kubestellar/kubestellar/pkg/binding/bindingpolicy.go:204.3,205.17 2 0
github.com/kubestellar/kubestellar/pkg/binding/bindingpolicy.go:205.17,207.4 1 0
github.com/kubestellar/kubestellar/pkg/binding/bindingpolicy.go:209.3,209.28 1 0
github.com/kubestellar/kubestellar/pkg/binding/bindingpolicy.go:209.28,214.4 2 0
github.com/kubestellar/kubestellar/pkg/binding/bindingpolicy.go:216.3,216.13 1 0
github.com/kubestellar/kubestellar/pkg/binding/bindingpolicy.go:222.117,223.49 1 0
github.com/kubestellar/kubestellar/pkg/binding/bindingpolicy.go:223.49,224.67 1 0
github.com/kubestellar/kubestellar/pkg/binding/bindingpolicy.go:224.67,228.18 4 0
github.com/kubestellar/kubestellar/pkg/binding/bindingpolicy.go:228.18,229.31 1 0
github.com/kubestellar/kubestellar/pkg/binding/bindingpolicy.go:229.31,232.6 1 0
github.com/kubestellar/kubestellar/pkg/binding/bindingpolicy.go:234.5,234.15 1 0
github.com/kubestellar/kubestellar/pkg/binding/bindingpolicy.go:237.3,237.13 1 0
github.com/kubestellar/kubestellar/pkg/binding/bindingpolicy.go:240.2,240.67 1 0
github.com/kubestellar/kubestellar/pkg/binding/bindingpolicy.go:240.67,244.17 4 0
github.com/kubestellar/kubestellar/pkg/binding/bindingpolicy.go:244.17,246.4 1 0
github.com/kubestellar/kubestellar/pkg/binding/bindingpolicy.go:248.2,248.12 1 0
github.com/kubestellar/kubestellar/pkg/binding/bindingpolicy.go:253.108,254.31 1 0
github.com/kubestellar/kubestellar/pkg/binding/bindingpolicy.go:254.31,256.17 2 0
github.com/kubestellar/kubestellar/pkg/binding/bindingpolicy.go:256.17,258.12 2 0
github.com/kubestellar/kubestellar/pkg/binding/bindingpolicy.go:260.3,260.40 1 0
github.com/kubestellar/kubestellar/pkg/binding/bindingpolicy.go:260.40,262.4 1 0
github.com/kubestellar/kubestellar/pkg/binding/bindingpolicy.go:264.2,264.14 1 0
github.com/kubestellar/kubestellar/pkg/binding/bindingpolicy.go:267.68,268.32 1 0
github.com/kubestellar/kubestellar/pkg/binding/bindingpolicy.go:268.32,269.66 1 0
github.com/kubestellar/kubestellar/pkg/binding/bindingpolicy.go:269.66,271.4 1 0
github.com/kubestellar/kubestellar/pkg/binding/bindingpolicy.go:273.2,273.14 1 0
github.com/kubestellar/kubestellar/pkg/binding/bindingpolicy.go:276.64,277.28 1 0
github.com/kubestellar/kubestellar/pkg/binding/bindingpolicy.go:277.28,278.18 1 0
github.com/kubestellar/kubestellar/pkg/binding/bindingpolicy.go:278.18,280.4 1 0
github.com/kubestellar/kubestellar/pkg/binding/bindingpolicy.go:282.2,282.14 1 0
github.com/kubestellar/kubestellar/pkg/binding/crd.go:42.94,48.28 5 0
github.com/kubestellar/kubestellar/pkg/binding/crd.go:48.28,50.3 1 0
github.com/kubestellar/kubestellar/pkg/binding/crd.go:50.8,50.23 1 0
github.com/kubestellar/kubestellar/pkg/binding/crd.go:50.23,52.3 1 0
github.com/kubestellar/kubestellar/pkg/binding/crd.go:52.8,54.116 2 0
github.com/kubestellar/kubestellar/pkg/binding/crd.go:54.116,56.4 1 0
github.com/kubestellar/kubestellar/pkg/binding/crd.go:57.3,57.38 1 0
github.com/kubestellar/kubestellar/pkg/binding/crd.go:61.2,62.35 2 0
github.com/kubestellar/kubestellar/pkg/binding/crd.go:62.35,76.38 3 0
github.com/kubestellar/kubestellar/pkg/binding/crd.go:76.38,77.12 1 0
github.com/kubestellar/kubestellar/pkg/binding/crd.go:79.3,79.29 1 0
github.com/kubestellar/kubestellar/pkg/binding/crd.go:79.29,81.12 2 0
github.com/kubestellar/kubestellar/pkg/binding/crd.go:83.3,83.18 1 0
github.com/kubestellar/kubestellar/pkg/binding/crd.go:83.18,85.12 2 0
github.com/kubestellar/kubestellar/pkg/binding/crd.go:87.3,87.29 1 0
github.com/kubestellar/kubestellar/pkg/binding/crd.go:87.29,89.4 1 0
github.com/kubestellar/kubestellar/pkg/binding/crd.go:92.2,92.26 1 0
github.com/kubestellar/kubestellar/pkg/binding/crd.go:92.26,94.3 1 0
github.com/kubestellar/kubestellar/pkg/binding/crd.go:96.2,96.33 1 0
github.com/kubestellar/kubestellar/pkg/binding/crd.go:96.33,98.10 2 0
github.com/kubestellar/kubestellar/pkg/binding/crd.go:98.10,100.4 1 0
github.com/kubestellar/kubestellar/pkg/binding/crd.go:100.9,104.4 2 0
github.com/kubestellar/kubestellar/pkg/binding/crd.go:106.3,108.25 3 0
github.com/kubestellar/kubestellar/pkg/binding/crd.go:111.2,111.12 1 0
github.com/kubestellar/kubestellar/pkg/binding/crd.go:114.58,115.67 1 0
github.com/kubestellar/kubestellar/pkg/binding/crd.go:115.67,117.3 1 0
github.com/kubestellar/kubestellar/pkg/binding/crd.go:118.2,118.71 1 0
github.com/kubestellar/kubestellar/pkg/binding/crd.go:118.71,120.3 1 0
github.com/kubestellar/kubestellar/pkg/binding/crd.go:121.2,121.69 1 0
github.com/kubestellar/kubestellar/pkg/binding/crd.go:121.69,123.3 1 0
github.com/kubestellar/kubestellar/pkg/binding/crd.go:124.2,124.13 1 0
github.com/kubestellar/kubestellar/pkg/binding/crd.go:127.73,128.50 1 0
github.com/kubestellar/kubestellar/pkg/binding/crd.go:128.50,129.105 1 0
github.com/kubestellar/kubestellar/pkg/binding/crd.go:129.105,131.4 1 0
github.com/kubestellar/kubestellar/pkg/binding/crd.go:133.2,133.14 1 0
github.com/kubestellar/kubestellar/pkg/binding/crd.go:136.103,139.38 2 0
github.com/kubestellar/kubestellar/pkg/binding/crd.go:139.38,142.46 2 0
github.com/kubestellar/kubestellar/pkg/binding/crd.go:142.46,144.12 2 0
github.com/kubestellar/kubestellar/pkg/binding/crd.go:147.3,152.72 2 0
github.com/kubestellar/kubestellar/pkg/binding/crd.go:152.72,154.6 1 0
github.com/kubestellar/kubestellar/pkg/binding/crd.go:155.74,157.6 1 0
github.com/kubestellar/kubestellar/pkg/binding/crd.go:165.3,166.35 1 0
github.com/kubestellar/kubestellar/pkg/binding/crd.go:166.35,169.5 2 0
github.com/kubestellar/kubestellar/pkg/binding/crd.go:170.43,171.35 1 0
github.com/kubestellar/kubestellar/pkg/binding/crd.go:171.35,173.6 1 0
[...]
github.com/kubestellar/kubestellar/pkg/transport/generic/generic_transport_controller.go:674.114,675.97 1 1
github.com/kubestellar/kubestellar/pkg/transport/generic/generic_transport_controller.go:675.97,677.3 1 1
github.com/kubestellar/kubestellar/pkg/transport/generic/generic_transport_controller.go:680.125,681.62 1 1
github.com/kubestellar/kubestellar/pkg/transport/generic/generic_transport_controller.go:681.62,683.3 1 0
github.com/kubestellar/kubestellar/pkg/transport/generic/generic_transport_controller.go:685.2,688.16 2 1
github.com/kubestellar/kubestellar/pkg/transport/generic/generic_transport_controller.go:688.16,690.3 1 0
github.com/kubestellar/kubestellar/pkg/transport/generic/generic_transport_controller.go:692.2,693.16 2 1
github.com/kubestellar/kubestellar/pkg/transport/generic/generic_transport_controller.go:693.16,695.3 1 0
github.com/kubestellar/kubestellar/pkg/transport/generic/generic_transport_controller.go:696.2,696.123 1 1
github.com/kubestellar/kubestellar/pkg/transport/generic/generic_transport_controller.go:696.123,703.17 4 0
github.com/kubestellar/kubestellar/pkg/transport/generic/generic_transport_controller.go:703.17,705.4 1 0
github.com/kubestellar/kubestellar/pkg/transport/generic/generic_transport_controller.go:705.9,707.4 1 0
github.com/kubestellar/kubestellar/pkg/transport/generic/generic_transport_controller.go:709.2,711.29 2 1
github.com/kubestellar/kubestellar/pkg/transport/generic/generic_transport_controller.go:711.29,712.163 1 1
github.com/kubestellar/kubestellar/pkg/transport/generic/generic_transport_controller.go:712.163,714.4 1 0
github.com/kubestellar/kubestellar/pkg/transport/generic/generic_transport_controller.go:715.8,717.3 1 0
github.com/kubestellar/kubestellar/pkg/transport/generic/generic_transport_controller.go:719.2,719.45 1 1
github.com/kubestellar/kubestellar/pkg/transport/generic/generic_transport_controller.go:719.45,721.64 2 0
github.com/kubestellar/kubestellar/pkg/transport/generic/generic_transport_controller.go:721.64,722.108 1 0
github.com/kubestellar/kubestellar/pkg/transport/generic/generic_transport_controller.go:722.108,724.5 1 0
github.com/kubestellar/kubestellar/pkg/transport/generic/generic_transport_controller.go:727.2,727.12 1 1
github.com/kubestellar/kubestellar/pkg/transport/generic/generic_transport_controller.go:732.200,736.105 4 1
github.com/kubestellar/kubestellar/pkg/transport/generic/generic_transport_controller.go:736.105,743.3 4 1
github.com/kubestellar/kubestellar/pkg/transport/generic/generic_transport_controller.go:745.2,745.60 1 1
github.com/kubestellar/kubestellar/pkg/transport/generic/generic_transport_controller.go:745.60,748.17 3 1
github.com/kubestellar/kubestellar/pkg/transport/generic/generic_transport_controller.go:748.17,750.4 1 0
github.com/kubestellar/kubestellar/pkg/transport/generic/generic_transport_controller.go:751.3,751.68 1 1
github.com/kubestellar/kubestellar/pkg/transport/generic/generic_transport_controller.go:754.2,754.62 1 1
github.com/kubestellar/kubestellar/pkg/transport/generic/generic_transport_controller.go:754.62,757.17 3 1
github.com/kubestellar/kubestellar/pkg/transport/generic/generic_transport_controller.go:757.17,760.4 1 0
github.com/kubestellar/kubestellar/pkg/transport/generic/generic_transport_controller.go:761.3,761.68 1 1
github.com/kubestellar/kubestellar/pkg/transport/generic/generic_transport_controller.go:764.2,764.79 1 1
github.com/kubestellar/kubestellar/pkg/transport/generic/generic_transport_controller.go:776.142,778.16 2 1
github.com/kubestellar/kubestellar/pkg/transport/generic/generic_transport_controller.go:778.16,780.3 1 0
github.com/kubestellar/kubestellar/pkg/transport/generic/generic_transport_controller.go:782.2,782.34 1 1
github.com/kubestellar/kubestellar/pkg/transport/generic/generic_transport_controller.go:782.34,784.3 1 0
github.com/kubestellar/kubestellar/pkg/transport/generic/generic_transport_controller.go:786.2,790.36 3 1
github.com/kubestellar/kubestellar/pkg/transport/generic/generic_transport_controller.go:790.36,792.54 2 0
github.com/kubestellar/kubestellar/pkg/transport/generic/generic_transport_controller.go:792.54,794.18 2 0
github.com/kubestellar/kubestellar/pkg/transport/generic/generic_transport_controller.go:794.18,796.5 1 0
github.com/kubestellar/kubestellar/pkg/transport/generic/generic_transport_controller.go:797.4,797.32 1 0
github.com/kubestellar/kubestellar/pkg/transport/generic/generic_transport_controller.go:799.3,799.48 1 0
github.com/kubestellar/kubestellar/pkg/transport/generic/generic_transport_controller.go:800.8,802.17 2 1
github.com/kubestellar/kubestellar/pkg/transport/generic/generic_transport_controller.go:802.17,804.4 1 0
github.com/kubestellar/kubestellar/pkg/transport/generic/generic_transport_controller.go:805.3,805.68 1 1
github.com/kubestellar/kubestellar/pkg/transport/generic/generic_transport_controller.go:805.68,805.99 1 0
github.com/kubestellar/kubestellar/pkg/transport/generic/generic_transport_controller.go:808.2,808.61 1 1
github.com/kubestellar/kubestellar/pkg/transport/generic/generic_transport_controller.go:818.186,826.50 3 1
github.com/kubestellar/kubestellar/pkg/transport/generic/generic_transport_controller.go:826.50,833.56 7 1
github.com/kubestellar/kubestellar/pkg/transport/generic/generic_transport_controller.go:833.56,836.69 3 0
github.com/kubestellar/kubestellar/pkg/transport/generic/generic_transport_controller.go:836.69,840.61 3 0
github.com/kubestellar/kubestellar/pkg/transport/generic/generic_transport_controller.go:840.61,844.6 2 0
github.com/kubestellar/kubestellar/pkg/transport/generic/generic_transport_controller.go:845.5,845.29 1 0
github.com/kubestellar/kubestellar/pkg/transport/generic/generic_transport_controller.go:845.29,847.6 1 0
github.com/kubestellar/kubestellar/pkg/transport/generic/generic_transport_controller.go:849.4,849.61 1 0
github.com/kubestellar/kubestellar/pkg/transport/generic/generic_transport_controller.go:849.61,851.52 2 0
github.com/kubestellar/kubestellar/pkg/transport/generic/generic_transport_controller.go:851.52,853.6 1 0
github.com/kubestellar/kubestellar/pkg/transport/generic/generic_transport_controller.go:855.4,855.38 1 0
github.com/kubestellar/kubestellar/pkg/transport/generic/generic_transport_controller.go:855.38,859.5 3 0
github.com/kubestellar/kubestellar/pkg/transport/generic/generic_transport_controller.go:863.2,864.36 2 1
github.com/kubestellar/kubestellar/pkg/transport/generic/generic_transport_controller.go:864.36,866.3 1 0
github.com/kubestellar/kubestellar/pkg/transport/generic/generic_transport_controller.go:866.8,868.3 1 1
github.com/kubestellar/kubestellar/pkg/transport/generic/generic_transport_controller.go:869.2,871.47 2 1
github.com/kubestellar/kubestellar/pkg/transport/generic/generic_transport_controller.go:876.239,879.16 3 1
github.com/kubestellar/kubestellar/pkg/transport/generic/generic_transport_controller.go:879.16,881.3 1 0
github.com/kubestellar/kubestellar/pkg/transport/generic/generic_transport_controller.go:882.2,883.26 2 1
github.com/kubestellar/kubestellar/pkg/transport/generic/generic_transport_controller.go:883.26,886.3 1 0
github.com/kubestellar/kubestellar/pkg/transport/generic/generic_transport_controller.go:886.8,892.3 1 1
github.com/kubestellar/kubestellar/pkg/transport/generic/generic_transport_controller.go:893.2,897.27 5 1
github.com/kubestellar/kubestellar/pkg/transport/generic/generic_transport_controller.go:912.185,922.44 10 1
github.com/kubestellar/kubestellar/pkg/transport/generic/generic_transport_controller.go:922.44,924.17 2 1
github.com/kubestellar/kubestellar/pkg/transport/generic/generic_transport_controller.go:924.17,926.4 1 0
github.com/kubestellar/kubestellar/pkg/transport/generic/generic_transport_controller.go:927.3,928.24 2 1
github.com/kubestellar/kubestellar/pkg/transport/generic/generic_transport_controller.go:928.24,930.4 1 0
github.com/kubestellar/kubestellar/pkg/transport/generic/generic_transport_controller.go:931.3,931.66 1 1
github.com/kubestellar/kubestellar/pkg/transport/generic/generic_transport_controller.go:931.66,933.18 2 0
github.com/kubestellar/kubestellar/pkg/transport/generic/generic_transport_controller.go:933.18,935.5 1 0
github.com/kubestellar/kubestellar/pkg/transport/generic/generic_transport_controller.go:936.4,941.18 6 0
github.com/kubestellar/kubestellar/pkg/transport/generic/generic_transport_controller.go:943.3,947.18 5 1
github.com/kubestellar/kubestellar/pkg/transport/generic/generic_transport_controller.go:949.2,949.29 1 1
github.com/kubestellar/kubestellar/pkg/transport/generic/generic_transport_controller.go:949.29,951.17 2 1
github.com/kubestellar/kubestellar/pkg/transport/generic/generic_transport_controller.go:951.17,953.4 1 0
github.com/kubestellar/kubestellar/pkg/transport/generic/generic_transport_controller.go:954.3,954.79 1 1
github.com/kubestellar/kubestellar/pkg/transport/generic/generic_transport_controller.go:956.2,956.28 1 1
github.com/kubestellar/kubestellar/pkg/transport/generic/generic_transport_controller.go:961.131,965.18 4 0
github.com/kubestellar/kubestellar/pkg/transport/generic/generic_transport_controller.go:965.18,968.3 2 0
github.com/kubestellar/kubestellar/pkg/transport/generic/generic_transport_controller.go:968.8,970.3 1 0
github.com/kubestellar/kubestellar/pkg/transport/generic/generic_transport_controller.go:971.2,972.10 2 0
github.com/kubestellar/kubestellar/pkg/transport/generic/generic_transport_controller.go:972.10,974.3 1 0
github.com/kubestellar/kubestellar/pkg/transport/generic/generic_transport_controller.go:975.2,978.14 4 0
github.com/kubestellar/kubestellar/pkg/transport/generic/generic_transport_controller.go:982.124,984.48 2 0
github.com/kubestellar/kubestellar/pkg/transport/generic/generic_transport_controller.go:984.48,987.3 2 0
github.com/kubestellar/kubestellar/pkg/transport/generic/generic_transport_controller.go:988.2,989.33 2 0
github.com/kubestellar/kubestellar/pkg/transport/generic/generic_transport_controller.go:989.33,992.3 2 0
github.com/kubestellar/kubestellar/pkg/transport/generic/generic_transport_controller.go:992.8,992.50 1 0
github.com/kubestellar/kubestellar/pkg/transport/generic/generic_transport_controller.go:992.50,994.3 1 0
github.com/kubestellar/kubestellar/pkg/transport/generic/generic_transport_controller.go:995.2,996.37 2 0
github.com/kubestellar/kubestellar/pkg/transport/generic/generic_transport_controller.go:996.37,998.3 1 0
github.com/kubestellar/kubestellar/pkg/transport/generic/generic_transport_controller.go:998.8,998.50 1 0
github.com/kubestellar/kubestellar/pkg/transport/generic/generic_transport_controller.go:998.50,1000.3 1 0
github.com/kubestellar/kubestellar/pkg/transport/generic/generic_transport_controller.go:1001.2,1001.14 1 0
github.com/kubestellar/kubestellar/pkg/transport/generic/generic_transport_controller.go:1004.101,1005.48 1 0
github.com/kubestellar/kubestellar/pkg/transport/generic/generic_transport_controller.go:1005.48,1006.24 1 0
github.com/kubestellar/kubestellar/pkg/transport/generic/generic_transport_controller.go:1006.24,1008.4 1 0
github.com/kubestellar/kubestellar/pkg/transport/generic/generic_transport_controller.go:1009.3,1010.47 2 0
github.com/kubestellar/kubestellar/pkg/transport/generic/generic_transport_controller.go:1010.47,1011.59 1 0
github.com/kubestellar/kubestellar/pkg/transport/generic/generic_transport_controller.go:1011.59,1013.5 1 0
github.com/kubestellar/kubestellar/pkg/transport/generic/generic_transport_controller.go:1018.110,1019.48 1 0
github.com/kubestellar/kubestellar/pkg/transport/generic/generic_transport_controller.go:1019.48,1020.32 1 0
github.com/kubestellar/kubestellar/pkg/transport/generic/generic_transport_controller.go:1020.32,1021.51 1 0
github.com/kubestellar/kubestellar/pkg/transport/generic/generic_transport_controller.go:1021.51,1023.5 1 0
github.com/kubestellar/kubestellar/pkg/transport/generic/generic_transport_controller.go:1028.120,1031.18 3 1
github.com/kubestellar/kubestellar/pkg/transport/generic/generic_transport_controller.go:1031.18,1033.3 1 0
github.com/kubestellar/kubestellar/pkg/transport/generic/generic_transport_controller.go:1033.8,1035.3 1 1
github.com/kubestellar/kubestellar/pkg/transport/generic/generic_transport_controller.go:1038.98,1044.2 5 0
github.com/kubestellar/kubestellar/pkg/transport/generic/generic_transport_controller.go:1049.192,1053.18 4 0
github.com/kubestellar/kubestellar/pkg/transport/generic/generic_transport_controller.go:1053.18,1057.3 3 0
github.com/kubestellar/kubestellar/pkg/transport/generic/generic_transport_controller.go:1058.2,1058.27 1 0
github.com/kubestellar/kubestellar/pkg/transport/generic/generic_transport_controller.go:1064.102,1069.40 1 1
github.com/kubestellar/kubestellar/pkg/transport/generic/generic_transport_controller.go:1069.40,1071.3 1 0
github.com/kubestellar/kubestellar/pkg/transport/generic/generic_transport_controller.go:1072.2,1075.43 3 1
github.com/kubestellar/kubestellar/pkg/transport/generic/generic_transport_controller.go:1075.43,1077.30 2 0
github.com/kubestellar/kubestellar/pkg/transport/generic/generic_transport_controller.go:1077.30,1080.35 3 0
github.com/kubestellar/kubestellar/pkg/transport/generic/generic_transport_controller.go:1080.35,1082.5 1 0
github.com/kubestellar/kubestellar/pkg/transport/generic/generic_transport_controller.go:1082.10,1084.19 2 0
github.com/kubestellar/kubestellar/pkg/transport/generic/generic_transport_controller.go:1084.19,1086.6 1 0
github.com/kubestellar/kubestellar/pkg/transport/generic/generic_transport_controller.go:1087.5,1094.38 5 0
github.com/kubestellar/kubestellar/pkg/transport/generic/generic_transport_controller.go:1094.38,1096.14 2 0
github.com/kubestellar/kubestellar/pkg/transport/generic/generic_transport_controller.go:1098.5,1098.19 1 0
github.com/kubestellar/kubestellar/pkg/transport/generic/generic_transport_controller.go:1098.19,1100.6 1 0
github.com/kubestellar/kubestellar/pkg/transport/generic/generic_transport_controller.go:1100.11,1102.6 1 0
github.com/kubestellar/kubestellar/pkg/transport/generic/generic_transport_controller.go:1104.4,1104.95 1 0
github.com/kubestellar/kubestellar/pkg/transport/generic/generic_transport_controller.go:1104.95,1106.5 1 0
github.com/kubestellar/kubestellar/pkg/transport/generic/generic_transport_controller.go:1110.2,1110.12 1 1
github.com/kubestellar/kubestellar/pkg/transport/generic/generic_transport_controller.go:1119.148,1121.30 2 0
github.com/kubestellar/kubestellar/pkg/transport/generic/generic_transport_controller.go:1121.30,1122.48 1 0
github.com/kubestellar/kubestellar/pkg/transport/generic/generic_transport_controller.go:1122.48,1127.4 4 0
github.com/kubestellar/kubestellar/pkg/transport/generic/generic_transport_controller.go:1130.2,1130.12 1 0
github.com/kubestellar/kubestellar/pkg/transport/generic/generic_transport_controller.go:1133.109,1135.30 2 0
github.com/kubestellar/kubestellar/pkg/transport/generic/generic_transport_controller.go:1135.30,1136.89 1 0
github.com/kubestellar/kubestellar/pkg/transport/generic/generic_transport_controller.go:1136.89,1141.4 4 0
github.com/kubestellar/kubestellar/pkg/transport/generic/generic_transport_controller.go:1143.2,1143.12 1 0
github.com/kubestellar/kubestellar/pkg/transport/generic/generic_transport_controller.go:1146.153,1149.16 3 0
github.com/kubestellar/kubestellar/pkg/transport/generic/generic_transport_controller.go:1149.16,1150.30 1 0
github.com/kubestellar/kubestellar/pkg/transport/generic/generic_transport_controller.go:1150.30,1152.4 1 0
github.com/kubestellar/kubestellar/pkg/transport/generic/generic_transport_controller.go:1154.3,1158.17 3 0
github.com/kubestellar/kubestellar/pkg/transport/generic/generic_transport_controller.go:1158.17,1160.4 1 0
github.com/kubestellar/kubestellar/pkg/transport/generic/generic_transport_controller.go:1161.3,1161.38 1 0
github.com/kubestellar/kubestellar/pkg/transport/generic/generic_transport_controller.go:1161.38,1163.4 1 0
github.com/kubestellar/kubestellar/pkg/transport/generic/generic_transport_controller.go:1163.9,1165.4 1 0
github.com/kubestellar/kubestellar/pkg/transport/generic/generic_transport_controller.go:1166.3,1166.13 1 0
github.com/kubestellar/kubestellar/pkg/transport/generic/generic_transport_controller.go:1169.2,1174.16 4 0
github.com/kubestellar/kubestellar/pkg/transport/generic/generic_transport_controller.go:1174.16,1176.3 1 0
github.com/kubestellar/kubestellar/pkg/transport/generic/generic_transport_controller.go:1177.2,1177.37 1 0
github.com/kubestellar/kubestellar/pkg/transport/generic/generic_transport_controller.go:1177.37,1179.3 1 0
github.com/kubestellar/kubestellar/pkg/transport/generic/generic_transport_controller.go:1179.8,1181.3 1 0
github.com/kubestellar/kubestellar/pkg/transport/generic/generic_transport_controller.go:1183.2,1183.12 1 0
github.com/kubestellar/kubestellar/pkg/transport/generic/generic_transport_controller.go:1190.141,1192.16 2 1
github.com/kubestellar/kubestellar/pkg/transport/generic/generic_transport_controller.go:1192.16,1194.3 1 1
github.com/kubestellar/kubestellar/pkg/transport/generic/generic_transport_controller.go:1195.2,1199.16 3 1
github.com/kubestellar/kubestellar/pkg/transport/generic/generic_transport_controller.go:1199.16,1201.3 1 0
github.com/kubestellar/kubestellar/pkg/transport/generic/generic_transport_controller.go:1202.2,1203.12 2 1
github.com/kubestellar/kubestellar/pkg/transport/generic/generic_transport_controller.go:1208.90,1210.34 2 1
github.com/kubestellar/kubestellar/pkg/transport/generic/generic_transport_controller.go:1210.34,1211.24 1 1
github.com/kubestellar/kubestellar/pkg/transport/generic/generic_transport_controller.go:1211.24,1213.4 1 1
github.com/kubestellar/kubestellar/pkg/transport/generic/generic_transport_controller.go:1218.2,1220.29 3 1
github.com/kubestellar/kubestellar/pkg/transport/generic/generic_transport_controller.go:1225.93,1230.30 4 0
github.com/kubestellar/kubestellar/pkg/transport/generic/generic_transport_controller.go:1230.30,1231.37 1 0
github.com/kubestellar/kubestellar/pkg/transport/generic/generic_transport_controller.go:1231.37,1232.12 1 0
github.com/kubestellar/kubestellar/pkg/transport/generic/generic_transport_controller.go:1234.3,1235.10 2 0
github.com/kubestellar/kubestellar/pkg/transport/generic/generic_transport_controller.go:1237.2,1237.21 1 0
github.com/kubestellar/kubestellar/pkg/transport/generic/generic_transport_controller.go:1237.21,1239.3 1 0
github.com/kubestellar/kubestellar/pkg/transport/generic/generic_transport_controller.go:1243.2,1245.29 3 0
github.com/kubestellar/kubestellar/pkg/transport/generic/generic_transport_controller.go:1249.65,1251.24 2 1
github.com/kubestellar/kubestellar/pkg/transport/generic/generic_transport_controller.go:1251.24,1253.3 1 1
github.com/kubestellar/kubestellar/pkg/transport/generic/generic_transport_controller.go:1255.2,1257.36 2 1
github.com/kubestellar/kubestellar/pkg/transport/generic/generic_transport_controller.go:1261.60,1263.19 2 1
github.com/kubestellar/kubestellar/pkg/transport/generic/generic_transport_controller.go:1263.19,1265.3 1 1
github.com/kubestellar/kubestellar/pkg/transport/generic/generic_transport_controller.go:1267.2,1269.26 2 1
github.com/kubestellar/kubestellar/pkg/transport/generic/generic_transport_controller.go:1279.192,1302.36 16 1
github.com/kubestellar/kubestellar/pkg/transport/generic/generic_transport_controller.go:1302.36,1306.47 4 1
github.com/kubestellar/kubestellar/pkg/transport/generic/generic_transport_controller.go:1306.47,1308.4 1 1
github.com/kubestellar/kubestellar/pkg/transport/generic/generic_transport_controller.go:1309.3,1309.48 1 1
github.com/kubestellar/kubestellar/pkg/transport/generic/generic_transport_controller.go:1311.2,1311.19 1 1
github.com/kubestellar/kubestellar/pkg/transport/generic/generic_transport_controller.go:1314.57,1317.2 2 1
github.com/kubestellar/kubestellar/pkg/transport/generic/generic_transport_controller.go:1319.65,1321.2 1 1
